ARM GAS  C:\Users\Simio\AppData\Local\Temp\ccr1wwiA.s 			page 1


   1              		.cpu cortex-m4
   2              		.arch armv7e-m
   3              		.fpu fpv4-sp-d16
   4              		.eabi_attribute 27, 1
   5              		.eabi_attribute 28, 1
   6              		.eabi_attribute 20, 1
   7              		.eabi_attribute 21, 1
   8              		.eabi_attribute 23, 3
   9              		.eabi_attribute 24, 1
  10              		.eabi_attribute 25, 1
  11              		.eabi_attribute 26, 1
  12              		.eabi_attribute 30, 1
  13              		.eabi_attribute 34, 1
  14              		.eabi_attribute 18, 4
  15              		.file	"global_var.cpp"
  16              		.text
  17              	.Ltext0:
  18              		.cfi_sections	.debug_frame
  19              		.file 1 "Drivers/CPP/Src/global_var.cpp"
  20              		.global	Motor
  21              		.section	.bss.Motor,"aw",%nobits
  22              		.align	2
  25              	Motor:
  26 0000 00000000 		.space	44
  26      00000000 
  26      00000000 
  26      00000000 
  26      00000000 
  27              		.text
  28              	.Letext0:
  29              		.file 2 "C:\\ST\\STM32CubeCLT_1.15.1\\GNU-tools-for-STM32\\bin\\../lib/gcc/arm-none-eabi/12.3.1/..
  30              		.file 3 "C:\\ST\\STM32CubeCLT_1.15.1\\GNU-tools-for-STM32\\bin\\../lib/gcc/arm-none-eabi/12.3.1/..
  31              		.file 4 "Drivers/CMSIS/Device/ST/STM32G4xx/Include/stm32g4xx.h"
  32              		.file 5 "C:\\ST\\STM32CubeCLT_1.15.1\\GNU-tools-for-STM32\\bin\\../lib/gcc/arm-none-eabi/12.3.1/in
  33              		.file 6 "Drivers/BSP/STM32G4xx_Nucleo/stm32g4xx_nucleo.h"
  34              		.file 7 "Drivers/CPP/Inc/global_var.h"
  35              		.file 8 "C:\\ST\\STM32CubeCLT_1.15.1\\GNU-tools-for-STM32\\bin\\../lib/gcc/arm-none-eabi/12.3.1/..
  36              		.file 9 "C:\\ST\\STM32CubeCLT_1.15.1\\GNU-tools-for-STM32\\bin\\../lib/gcc/arm-none-eabi/12.3.1/..
  37              		.file 10 "C:\\ST\\STM32CubeCLT_1.15.1\\GNU-tools-for-STM32\\bin\\../lib/gcc/arm-none-eabi/12.3.1/.
  38              		.file 11 "C:\\ST\\STM32CubeCLT_1.15.1\\GNU-tools-for-STM32\\bin\\../lib/gcc/arm-none-eabi/12.3.1/.
  39              		.file 12 "C:\\ST\\STM32CubeCLT_1.15.1\\GNU-tools-for-STM32\\bin\\../lib/gcc/arm-none-eabi/12.3.1/.
ARM GAS  C:\Users\Simio\AppData\Local\Temp\ccr1wwiA.s 			page 2


DEFINED SYMBOLS
                            *ABS*:00000000 global_var.cpp
C:\Users\Simio\AppData\Local\Temp\ccr1wwiA.s:25     .bss.Motor:00000000 Motor
C:\Users\Simio\AppData\Local\Temp\ccr1wwiA.s:22     .bss.Motor:00000000 $d

NO UNDEFINED SYMBOLS
