ARM GAS  C:\Users\Simon\AppData\Local\Temp\ccL9D7D7.s 			page 1


   1              		.cpu cortex-m4
   2              		.arch armv7e-m
   3              		.fpu fpv4-sp-d16
   4              		.eabi_attribute 27, 1
   5              		.eabi_attribute 28, 1
   6              		.eabi_attribute 20, 1
   7              		.eabi_attribute 21, 1
   8              		.eabi_attribute 23, 3
   9              		.eabi_attribute 24, 1
  10              		.eabi_attribute 25, 1
  11              		.eabi_attribute 26, 1
  12              		.eabi_attribute 30, 1
  13              		.eabi_attribute 34, 1
  14              		.eabi_attribute 18, 4
  15              		.file	"gpio.c"
  16              		.text
  17              	.Ltext0:
  18              		.cfi_sections	.debug_frame
  19              		.file 1 "Core/Src/gpio.c"
  20              		.section	.text.MX_GPIO_Init,"ax",%progbits
  21              		.align	1
  22              		.global	MX_GPIO_Init
  23              		.syntax unified
  24              		.thumb
  25              		.thumb_func
  27              	MX_GPIO_Init:
  28              	.LFB135:
   1:Core/Src/gpio.c **** /* USER CODE BEGIN Header */
   2:Core/Src/gpio.c **** /**
   3:Core/Src/gpio.c ****   ******************************************************************************
   4:Core/Src/gpio.c ****   * @file    gpio.c
   5:Core/Src/gpio.c ****   * @brief   This file provides code for the configuration
   6:Core/Src/gpio.c ****   *          of all used GPIO pins.
   7:Core/Src/gpio.c ****   ******************************************************************************
   8:Core/Src/gpio.c ****   * @attention
   9:Core/Src/gpio.c ****   *
  10:Core/Src/gpio.c ****   * Copyright (c) 2026 STMicroelectronics.
  11:Core/Src/gpio.c ****   * All rights reserved.
  12:Core/Src/gpio.c ****   *
  13:Core/Src/gpio.c ****   * This software is licensed under terms that can be found in the LICENSE file
  14:Core/Src/gpio.c ****   * in the root directory of this software component.
  15:Core/Src/gpio.c ****   * If no LICENSE file comes with this software, it is provided AS-IS.
  16:Core/Src/gpio.c ****   *
  17:Core/Src/gpio.c ****   ******************************************************************************
  18:Core/Src/gpio.c ****   */
  19:Core/Src/gpio.c **** /* USER CODE END Header */
  20:Core/Src/gpio.c **** 
  21:Core/Src/gpio.c **** /* Includes ------------------------------------------------------------------*/
  22:Core/Src/gpio.c **** #include "gpio.h"
  23:Core/Src/gpio.c **** 
  24:Core/Src/gpio.c **** /* USER CODE BEGIN 0 */
  25:Core/Src/gpio.c **** 
  26:Core/Src/gpio.c **** /* USER CODE END 0 */
  27:Core/Src/gpio.c **** 
  28:Core/Src/gpio.c **** /*----------------------------------------------------------------------------*/
  29:Core/Src/gpio.c **** /* Configure GPIO                                                             */
  30:Core/Src/gpio.c **** /*----------------------------------------------------------------------------*/
ARM GAS  C:\Users\Simon\AppData\Local\Temp\ccL9D7D7.s 			page 2


  31:Core/Src/gpio.c **** /* USER CODE BEGIN 1 */
  32:Core/Src/gpio.c **** 
  33:Core/Src/gpio.c **** /* USER CODE END 1 */
  34:Core/Src/gpio.c **** 
  35:Core/Src/gpio.c **** /** Configure pins as
  36:Core/Src/gpio.c ****         * Analog
  37:Core/Src/gpio.c ****         * Input
  38:Core/Src/gpio.c ****         * Output
  39:Core/Src/gpio.c ****         * EVENT_OUT
  40:Core/Src/gpio.c ****         * EXTI
  41:Core/Src/gpio.c **** */
  42:Core/Src/gpio.c **** void MX_GPIO_Init(void)
  43:Core/Src/gpio.c **** {
  29              		.loc 1 43 1 view -0
  30              		.cfi_startproc
  31              		@ args = 0, pretend = 0, frame = 40
  32              		@ frame_needed = 0, uses_anonymous_args = 0
  33 0000 70B5     		push	{r4, r5, r6, lr}
  34              	.LCFI0:
  35              		.cfi_def_cfa_offset 16
  36              		.cfi_offset 4, -16
  37              		.cfi_offset 5, -12
  38              		.cfi_offset 6, -8
  39              		.cfi_offset 14, -4
  40 0002 8AB0     		sub	sp, sp, #40
  41              	.LCFI1:
  42              		.cfi_def_cfa_offset 56
  44:Core/Src/gpio.c **** 
  45:Core/Src/gpio.c ****   GPIO_InitTypeDef GPIO_InitStruct = {0};
  43              		.loc 1 45 3 view .LVU1
  44              		.loc 1 45 20 is_stmt 0 view .LVU2
  45 0004 0024     		movs	r4, #0
  46 0006 0594     		str	r4, [sp, #20]
  47 0008 0694     		str	r4, [sp, #24]
  48 000a 0794     		str	r4, [sp, #28]
  49 000c 0894     		str	r4, [sp, #32]
  50 000e 0994     		str	r4, [sp, #36]
  46:Core/Src/gpio.c **** 
  47:Core/Src/gpio.c ****   /* GPIO Ports Clock Enable */
  48:Core/Src/gpio.c ****   __HAL_RCC_GPIOC_CLK_ENABLE();
  51              		.loc 1 48 3 is_stmt 1 view .LVU3
  52              	.LBB2:
  53              		.loc 1 48 3 view .LVU4
  54              		.loc 1 48 3 view .LVU5
  55 0010 1F4B     		ldr	r3, .L3
  56 0012 DA6C     		ldr	r2, [r3, #76]
  57 0014 42F00402 		orr	r2, r2, #4
  58 0018 DA64     		str	r2, [r3, #76]
  59              		.loc 1 48 3 view .LVU6
  60 001a DA6C     		ldr	r2, [r3, #76]
  61 001c 02F00402 		and	r2, r2, #4
  62 0020 0192     		str	r2, [sp, #4]
  63              		.loc 1 48 3 view .LVU7
  64 0022 019A     		ldr	r2, [sp, #4]
  65              	.LBE2:
  66              		.loc 1 48 3 view .LVU8
  49:Core/Src/gpio.c ****   __HAL_RCC_GPIOF_CLK_ENABLE();
ARM GAS  C:\Users\Simon\AppData\Local\Temp\ccL9D7D7.s 			page 3


  67              		.loc 1 49 3 view .LVU9
  68              	.LBB3:
  69              		.loc 1 49 3 view .LVU10
  70              		.loc 1 49 3 view .LVU11
  71 0024 DA6C     		ldr	r2, [r3, #76]
  72 0026 42F02002 		orr	r2, r2, #32
  73 002a DA64     		str	r2, [r3, #76]
  74              		.loc 1 49 3 view .LVU12
  75 002c DA6C     		ldr	r2, [r3, #76]
  76 002e 02F02002 		and	r2, r2, #32
  77 0032 0292     		str	r2, [sp, #8]
  78              		.loc 1 49 3 view .LVU13
  79 0034 029A     		ldr	r2, [sp, #8]
  80              	.LBE3:
  81              		.loc 1 49 3 view .LVU14
  50:Core/Src/gpio.c ****   __HAL_RCC_GPIOA_CLK_ENABLE();
  82              		.loc 1 50 3 view .LVU15
  83              	.LBB4:
  84              		.loc 1 50 3 view .LVU16
  85              		.loc 1 50 3 view .LVU17
  86 0036 DA6C     		ldr	r2, [r3, #76]
  87 0038 42F00102 		orr	r2, r2, #1
  88 003c DA64     		str	r2, [r3, #76]
  89              		.loc 1 50 3 view .LVU18
  90 003e DA6C     		ldr	r2, [r3, #76]
  91 0040 02F00102 		and	r2, r2, #1
  92 0044 0392     		str	r2, [sp, #12]
  93              		.loc 1 50 3 view .LVU19
  94 0046 039A     		ldr	r2, [sp, #12]
  95              	.LBE4:
  96              		.loc 1 50 3 view .LVU20
  51:Core/Src/gpio.c ****   __HAL_RCC_GPIOB_CLK_ENABLE();
  97              		.loc 1 51 3 view .LVU21
  98              	.LBB5:
  99              		.loc 1 51 3 view .LVU22
 100              		.loc 1 51 3 view .LVU23
 101 0048 DA6C     		ldr	r2, [r3, #76]
 102 004a 42F00202 		orr	r2, r2, #2
 103 004e DA64     		str	r2, [r3, #76]
 104              		.loc 1 51 3 view .LVU24
 105 0050 DB6C     		ldr	r3, [r3, #76]
 106 0052 03F00203 		and	r3, r3, #2
 107 0056 0493     		str	r3, [sp, #16]
 108              		.loc 1 51 3 view .LVU25
 109 0058 049B     		ldr	r3, [sp, #16]
 110              	.LBE5:
 111              		.loc 1 51 3 view .LVU26
  52:Core/Src/gpio.c **** 
  53:Core/Src/gpio.c ****   /*Configure GPIO pin Output Level */
  54:Core/Src/gpio.c ****   HAL_GPIO_WritePin(GPIOB, GPIO_PIN_0, GPIO_PIN_RESET);
 112              		.loc 1 54 3 view .LVU27
 113 005a 0E4E     		ldr	r6, .L3+4
 114 005c 2246     		mov	r2, r4
 115 005e 0121     		movs	r1, #1
 116 0060 3046     		mov	r0, r6
 117 0062 FFF7FEFF 		bl	HAL_GPIO_WritePin
 118              	.LVL0:
ARM GAS  C:\Users\Simon\AppData\Local\Temp\ccL9D7D7.s 			page 4


  55:Core/Src/gpio.c **** 
  56:Core/Src/gpio.c ****   /*Configure GPIO pin : PB0 */
  57:Core/Src/gpio.c ****   GPIO_InitStruct.Pin = GPIO_PIN_0;
 119              		.loc 1 57 3 view .LVU28
 120              		.loc 1 57 23 is_stmt 0 view .LVU29
 121 0066 0125     		movs	r5, #1
 122 0068 0595     		str	r5, [sp, #20]
  58:Core/Src/gpio.c ****   GPIO_InitStruct.Mode = GPIO_MODE_OUTPUT_PP;
 123              		.loc 1 58 3 is_stmt 1 view .LVU30
 124              		.loc 1 58 24 is_stmt 0 view .LVU31
 125 006a 0695     		str	r5, [sp, #24]
  59:Core/Src/gpio.c ****   GPIO_InitStruct.Pull = GPIO_NOPULL;
 126              		.loc 1 59 3 is_stmt 1 view .LVU32
 127              		.loc 1 59 24 is_stmt 0 view .LVU33
 128 006c 0794     		str	r4, [sp, #28]
  60:Core/Src/gpio.c ****   GPIO_InitStruct.Speed = GPIO_SPEED_FREQ_LOW;
 129              		.loc 1 60 3 is_stmt 1 view .LVU34
 130              		.loc 1 60 25 is_stmt 0 view .LVU35
 131 006e 0894     		str	r4, [sp, #32]
  61:Core/Src/gpio.c ****   HAL_GPIO_Init(GPIOB, &GPIO_InitStruct);
 132              		.loc 1 61 3 is_stmt 1 view .LVU36
 133 0070 05A9     		add	r1, sp, #20
 134 0072 3046     		mov	r0, r6
 135 0074 FFF7FEFF 		bl	HAL_GPIO_Init
 136              	.LVL1:
  62:Core/Src/gpio.c **** 
  63:Core/Src/gpio.c ****   /*Configure GPIO pin : PB0 */
  64:Core/Src/gpio.c ****   GPIO_InitStruct.Pin = GPIO_PIN_0|GPIO_PIN_1;
 137              		.loc 1 64 3 view .LVU37
 138              		.loc 1 64 23 is_stmt 0 view .LVU38
 139 0078 0323     		movs	r3, #3
 140 007a 0593     		str	r3, [sp, #20]
  65:Core/Src/gpio.c ****   GPIO_InitStruct.Mode = GPIO_MODE_INPUT;
 141              		.loc 1 65 3 is_stmt 1 view .LVU39
 142              		.loc 1 65 24 is_stmt 0 view .LVU40
 143 007c 0694     		str	r4, [sp, #24]
  66:Core/Src/gpio.c ****   GPIO_InitStruct.Pull = GPIO_PULLUP;
 144              		.loc 1 66 3 is_stmt 1 view .LVU41
 145              		.loc 1 66 24 is_stmt 0 view .LVU42
 146 007e 0795     		str	r5, [sp, #28]
  67:Core/Src/gpio.c ****   GPIO_InitStruct.Speed = GPIO_SPEED_FREQ_LOW;
 147              		.loc 1 67 3 is_stmt 1 view .LVU43
 148              		.loc 1 67 25 is_stmt 0 view .LVU44
 149 0080 0894     		str	r4, [sp, #32]
  68:Core/Src/gpio.c ****   HAL_GPIO_Init(GPIOA, &GPIO_InitStruct);
 150              		.loc 1 68 3 is_stmt 1 view .LVU45
 151 0082 05A9     		add	r1, sp, #20
 152 0084 4FF09040 		mov	r0, #1207959552
 153 0088 FFF7FEFF 		bl	HAL_GPIO_Init
 154              	.LVL2:
  69:Core/Src/gpio.c **** 
  70:Core/Src/gpio.c **** }
 155              		.loc 1 70 1 is_stmt 0 view .LVU46
 156 008c 0AB0     		add	sp, sp, #40
 157              	.LCFI2:
 158              		.cfi_def_cfa_offset 16
 159              		@ sp needed
ARM GAS  C:\Users\Simon\AppData\Local\Temp\ccL9D7D7.s 			page 5


 160 008e 70BD     		pop	{r4, r5, r6, pc}
 161              	.L4:
 162              		.align	2
 163              	.L3:
 164 0090 00100240 		.word	1073876992
 165 0094 00040048 		.word	1207960576
 166              		.cfi_endproc
 167              	.LFE135:
 169              		.text
 170              	.Letext0:
 171              		.file 2 "C:\\ST\\STM32CubeCLT_1.20.0\\GNU-tools-for-STM32\\bin\\../lib/gcc/arm-none-eabi/13.3.1/..
 172              		.file 3 "C:\\ST\\STM32CubeCLT_1.20.0\\GNU-tools-for-STM32\\bin\\../lib/gcc/arm-none-eabi/13.3.1/..
 173              		.file 4 "Drivers/CMSIS/Device/ST/STM32G4xx/Include/stm32g474xx.h"
 174              		.file 5 "Drivers/STM32G4xx_HAL_Driver/Inc/stm32g4xx_hal_gpio.h"
ARM GAS  C:\Users\Simon\AppData\Local\Temp\ccL9D7D7.s 			page 6


DEFINED SYMBOLS
                            *ABS*:00000000 gpio.c
C:\Users\Simon\AppData\Local\Temp\ccL9D7D7.s:21     .text.MX_GPIO_Init:00000000 $t
C:\Users\Simon\AppData\Local\Temp\ccL9D7D7.s:27     .text.MX_GPIO_Init:00000000 MX_GPIO_Init
C:\Users\Simon\AppData\Local\Temp\ccL9D7D7.s:164    .text.MX_GPIO_Init:00000090 $d

UNDEFINED SYMBOLS
HAL_GPIO_WritePin
HAL_GPIO_Init
