ARM GAS  C:\Users\Simon\AppData\Local\Temp\cckLcbnF.s 			page 1


   1              		.cpu cortex-m4
   2              		.arch armv7e-m
   3              		.fpu fpv4-sp-d16
   4              		.eabi_attribute 27, 1
   5              		.eabi_attribute 28, 1
   6              		.eabi_attribute 20, 1
   7              		.eabi_attribute 21, 1
   8              		.eabi_attribute 23, 3
   9              		.eabi_attribute 24, 1
  10              		.eabi_attribute 25, 1
  11              		.eabi_attribute 26, 1
  12              		.eabi_attribute 30, 1
  13              		.eabi_attribute 34, 1
  14              		.eabi_attribute 18, 4
  15              		.file	"main.c"
  16              		.text
  17              	.Ltext0:
  18              		.cfi_sections	.debug_frame
  19              		.file 1 "Core/Src/main.c"
  20              		.section	.text.Error_Handler,"ax",%progbits
  21              		.align	1
  22              		.global	Error_Handler
  23              		.syntax unified
  24              		.thumb
  25              		.thumb_func
  27              	Error_Handler:
  28              	.LFB137:
   1:Core/Src/main.c **** /* USER CODE BEGIN Header */
   2:Core/Src/main.c **** /**
   3:Core/Src/main.c ****   ******************************************************************************
   4:Core/Src/main.c ****   * @file           : main.c
   5:Core/Src/main.c ****   * @brief          : Main program body
   6:Core/Src/main.c ****   ******************************************************************************
   7:Core/Src/main.c ****   * @attention
   8:Core/Src/main.c ****   *
   9:Core/Src/main.c ****   * Copyright (c) 2026 STMicroelectronics.
  10:Core/Src/main.c ****   * All rights reserved.
  11:Core/Src/main.c ****   *
  12:Core/Src/main.c ****   * This software is licensed under terms that can be found in the LICENSE file
  13:Core/Src/main.c ****   * in the root directory of this software component.
  14:Core/Src/main.c ****   * If no LICENSE file comes with this software, it is provided AS-IS.
  15:Core/Src/main.c ****   *
  16:Core/Src/main.c ****   ******************************************************************************
  17:Core/Src/main.c ****   */
  18:Core/Src/main.c **** /* USER CODE END Header */
  19:Core/Src/main.c **** /* Includes ------------------------------------------------------------------*/
  20:Core/Src/main.c **** #include "main.h"
  21:Core/Src/main.c **** #include "tim.h"
  22:Core/Src/main.c **** #include "gpio.h"
  23:Core/Src/main.c **** 
  24:Core/Src/main.c **** /* Private includes ----------------------------------------------------------*/
  25:Core/Src/main.c **** /* USER CODE BEGIN Includes */
  26:Core/Src/main.c **** 
  27:Core/Src/main.c **** /* USER CODE END Includes */
  28:Core/Src/main.c **** 
  29:Core/Src/main.c **** /* Private typedef -----------------------------------------------------------*/
  30:Core/Src/main.c **** /* USER CODE BEGIN PTD */
ARM GAS  C:\Users\Simon\AppData\Local\Temp\cckLcbnF.s 			page 2


  31:Core/Src/main.c **** 
  32:Core/Src/main.c **** /* USER CODE END PTD */
  33:Core/Src/main.c **** 
  34:Core/Src/main.c **** /* Private define ------------------------------------------------------------*/
  35:Core/Src/main.c **** /* USER CODE BEGIN PD */
  36:Core/Src/main.c **** 
  37:Core/Src/main.c **** /* USER CODE END PD */
  38:Core/Src/main.c **** 
  39:Core/Src/main.c **** /* Private macro -------------------------------------------------------------*/
  40:Core/Src/main.c **** /* USER CODE BEGIN PM */
  41:Core/Src/main.c **** 
  42:Core/Src/main.c **** /* USER CODE END PM */
  43:Core/Src/main.c **** 
  44:Core/Src/main.c **** /* Private variables ---------------------------------------------------------*/
  45:Core/Src/main.c **** 
  46:Core/Src/main.c **** COM_InitTypeDef BspCOMInit;
  47:Core/Src/main.c **** 
  48:Core/Src/main.c **** /* USER CODE BEGIN PV */
  49:Core/Src/main.c **** 
  50:Core/Src/main.c **** /* USER CODE END PV */
  51:Core/Src/main.c **** 
  52:Core/Src/main.c **** /* Private function prototypes -----------------------------------------------*/
  53:Core/Src/main.c **** void SystemClock_Config(void);
  54:Core/Src/main.c **** /* USER CODE BEGIN PFP */
  55:Core/Src/main.c **** 
  56:Core/Src/main.c **** /* USER CODE END PFP */
  57:Core/Src/main.c **** 
  58:Core/Src/main.c **** /* Private user code ---------------------------------------------------------*/
  59:Core/Src/main.c **** /* USER CODE BEGIN 0 */
  60:Core/Src/main.c **** 
  61:Core/Src/main.c **** /* USER CODE END 0 */
  62:Core/Src/main.c **** 
  63:Core/Src/main.c **** /**
  64:Core/Src/main.c ****   * @brief  The application entry point.
  65:Core/Src/main.c ****   * @retval int
  66:Core/Src/main.c ****   */
  67:Core/Src/main.c **** int main(void)
  68:Core/Src/main.c **** {
  69:Core/Src/main.c **** 
  70:Core/Src/main.c ****   /* USER CODE BEGIN 1 */
  71:Core/Src/main.c **** 
  72:Core/Src/main.c ****   /* USER CODE END 1 */
  73:Core/Src/main.c **** 
  74:Core/Src/main.c ****   /* MCU Configuration--------------------------------------------------------*/
  75:Core/Src/main.c **** 
  76:Core/Src/main.c ****   /* Reset of all peripherals, Initializes the Flash interface and the Systick. */
  77:Core/Src/main.c ****   HAL_Init();
  78:Core/Src/main.c **** 
  79:Core/Src/main.c ****   /* USER CODE BEGIN Init */
  80:Core/Src/main.c **** 
  81:Core/Src/main.c ****   /* USER CODE END Init */
  82:Core/Src/main.c **** 
  83:Core/Src/main.c ****   /* Configure the system clock */
  84:Core/Src/main.c ****   SystemClock_Config();
  85:Core/Src/main.c **** 
  86:Core/Src/main.c ****   /* USER CODE BEGIN SysInit */
  87:Core/Src/main.c **** 
ARM GAS  C:\Users\Simon\AppData\Local\Temp\cckLcbnF.s 			page 3


  88:Core/Src/main.c ****   /* USER CODE END SysInit */
  89:Core/Src/main.c **** 
  90:Core/Src/main.c ****   /* Initialize all configured peripherals */
  91:Core/Src/main.c ****   MX_GPIO_Init();
  92:Core/Src/main.c ****   MX_TIM1_Init();
  93:Core/Src/main.c ****   MX_TIM8_Init();
  94:Core/Src/main.c ****   MX_TIM5_Init();
  95:Core/Src/main.c ****   /* USER CODE BEGIN 2 */
  96:Core/Src/main.c **** 
  97:Core/Src/main.c ****   /* USER CODE END 2 */
  98:Core/Src/main.c **** 
  99:Core/Src/main.c ****   /* Initialize led */
 100:Core/Src/main.c ****   BSP_LED_Init(LED_GREEN);
 101:Core/Src/main.c **** 
 102:Core/Src/main.c ****   /* Initialize USER push-button, will be used to trigger an interrupt each time it's pressed.*/
 103:Core/Src/main.c ****   BSP_PB_Init(BUTTON_USER, BUTTON_MODE_EXTI);
 104:Core/Src/main.c **** 
 105:Core/Src/main.c ****   /* Initialize COM1 port (115200, 8 bits (7-bit data + 1 stop bit), no parity */
 106:Core/Src/main.c ****   BspCOMInit.BaudRate   = 115200;
 107:Core/Src/main.c ****   BspCOMInit.WordLength = COM_WORDLENGTH_8B;
 108:Core/Src/main.c ****   BspCOMInit.StopBits   = COM_STOPBITS_1;
 109:Core/Src/main.c ****   BspCOMInit.Parity     = COM_PARITY_NONE;
 110:Core/Src/main.c ****   BspCOMInit.HwFlowCtl  = COM_HWCONTROL_NONE;
 111:Core/Src/main.c ****   if (BSP_COM_Init(COM1, &BspCOMInit) != BSP_ERROR_NONE)
 112:Core/Src/main.c ****   {
 113:Core/Src/main.c ****     Error_Handler();
 114:Core/Src/main.c ****   }
 115:Core/Src/main.c **** 
 116:Core/Src/main.c ****   /* Infinite loop */
 117:Core/Src/main.c ****   /* USER CODE BEGIN WHILE */
 118:Core/Src/main.c ****   while (1)
 119:Core/Src/main.c ****   {
 120:Core/Src/main.c **** 
 121:Core/Src/main.c ****     /* USER CODE END WHILE */
 122:Core/Src/main.c ****     App_Init();
 123:Core/Src/main.c ****     /* USER CODE BEGIN 3 */
 124:Core/Src/main.c ****   }
 125:Core/Src/main.c ****   /* USER CODE END 3 */
 126:Core/Src/main.c **** }
 127:Core/Src/main.c **** 
 128:Core/Src/main.c **** /**
 129:Core/Src/main.c ****   * @brief System Clock Configuration
 130:Core/Src/main.c ****   * @retval None
 131:Core/Src/main.c ****   */
 132:Core/Src/main.c **** void SystemClock_Config(void)
 133:Core/Src/main.c **** {
 134:Core/Src/main.c ****   RCC_OscInitTypeDef RCC_OscInitStruct = {0};
 135:Core/Src/main.c ****   RCC_ClkInitTypeDef RCC_ClkInitStruct = {0};
 136:Core/Src/main.c **** 
 137:Core/Src/main.c ****   /** Configure the main internal regulator output voltage
 138:Core/Src/main.c ****   */
 139:Core/Src/main.c ****   HAL_PWREx_ControlVoltageScaling(PWR_REGULATOR_VOLTAGE_SCALE1_BOOST);
 140:Core/Src/main.c **** 
 141:Core/Src/main.c ****   /** Initializes the RCC Oscillators according to the specified parameters
 142:Core/Src/main.c ****   * in the RCC_OscInitTypeDef structure.
 143:Core/Src/main.c ****   */
 144:Core/Src/main.c ****   RCC_OscInitStruct.OscillatorType = RCC_OSCILLATORTYPE_HSI;
ARM GAS  C:\Users\Simon\AppData\Local\Temp\cckLcbnF.s 			page 4


 145:Core/Src/main.c ****   RCC_OscInitStruct.HSIState = RCC_HSI_ON;
 146:Core/Src/main.c ****   RCC_OscInitStruct.HSICalibrationValue = RCC_HSICALIBRATION_DEFAULT;
 147:Core/Src/main.c ****   RCC_OscInitStruct.PLL.PLLState = RCC_PLL_ON;
 148:Core/Src/main.c ****   RCC_OscInitStruct.PLL.PLLSource = RCC_PLLSOURCE_HSI;
 149:Core/Src/main.c ****   RCC_OscInitStruct.PLL.PLLM = RCC_PLLM_DIV4;
 150:Core/Src/main.c ****   RCC_OscInitStruct.PLL.PLLN = 85;
 151:Core/Src/main.c ****   RCC_OscInitStruct.PLL.PLLP = RCC_PLLP_DIV2;
 152:Core/Src/main.c ****   RCC_OscInitStruct.PLL.PLLQ = RCC_PLLQ_DIV2;
 153:Core/Src/main.c ****   RCC_OscInitStruct.PLL.PLLR = RCC_PLLR_DIV2;
 154:Core/Src/main.c ****   if (HAL_RCC_OscConfig(&RCC_OscInitStruct) != HAL_OK)
 155:Core/Src/main.c ****   {
 156:Core/Src/main.c ****     Error_Handler();
 157:Core/Src/main.c ****   }
 158:Core/Src/main.c **** 
 159:Core/Src/main.c ****   /** Initializes the CPU, AHB and APB buses clocks
 160:Core/Src/main.c ****   */
 161:Core/Src/main.c ****   RCC_ClkInitStruct.ClockType = RCC_CLOCKTYPE_HCLK|RCC_CLOCKTYPE_SYSCLK
 162:Core/Src/main.c ****                               |RCC_CLOCKTYPE_PCLK1|RCC_CLOCKTYPE_PCLK2;
 163:Core/Src/main.c ****   RCC_ClkInitStruct.SYSCLKSource = RCC_SYSCLKSOURCE_PLLCLK;
 164:Core/Src/main.c ****   RCC_ClkInitStruct.AHBCLKDivider = RCC_SYSCLK_DIV1;
 165:Core/Src/main.c ****   RCC_ClkInitStruct.APB1CLKDivider = RCC_HCLK_DIV1;
 166:Core/Src/main.c ****   RCC_ClkInitStruct.APB2CLKDivider = RCC_HCLK_DIV1;
 167:Core/Src/main.c **** 
 168:Core/Src/main.c ****   if (HAL_RCC_ClockConfig(&RCC_ClkInitStruct, FLASH_LATENCY_4) != HAL_OK)
 169:Core/Src/main.c ****   {
 170:Core/Src/main.c ****     Error_Handler();
 171:Core/Src/main.c ****   }
 172:Core/Src/main.c **** }
 173:Core/Src/main.c **** 
 174:Core/Src/main.c **** /* USER CODE BEGIN 4 */
 175:Core/Src/main.c **** 
 176:Core/Src/main.c **** /* USER CODE END 4 */
 177:Core/Src/main.c **** 
 178:Core/Src/main.c **** /**
 179:Core/Src/main.c ****   * @brief  This function is executed in case of error occurrence.
 180:Core/Src/main.c ****   * @retval None
 181:Core/Src/main.c ****   */
 182:Core/Src/main.c **** void Error_Handler(void)
 183:Core/Src/main.c **** {
  29              		.loc 1 183 1 view -0
  30              		.cfi_startproc
  31              		@ Volatile: function does not return.
  32              		@ args = 0, pretend = 0, frame = 0
  33              		@ frame_needed = 0, uses_anonymous_args = 0
  34              		@ link register save eliminated.
 184:Core/Src/main.c ****   /* USER CODE BEGIN Error_Handler_Debug */
 185:Core/Src/main.c ****   /* User can add his own implementation to report the HAL error return state */
 186:Core/Src/main.c ****   __disable_irq();
  35              		.loc 1 186 3 view .LVU1
  36              	.LBB4:
  37              	.LBI4:
  38              		.file 2 "Drivers/CMSIS/Include/cmsis_gcc.h"
   1:Drivers/CMSIS/Include/cmsis_gcc.h **** /**************************************************************************//**
   2:Drivers/CMSIS/Include/cmsis_gcc.h ****  * @file     cmsis_gcc.h
   3:Drivers/CMSIS/Include/cmsis_gcc.h ****  * @brief    CMSIS compiler GCC header file
   4:Drivers/CMSIS/Include/cmsis_gcc.h ****  * @version  V5.2.0
   5:Drivers/CMSIS/Include/cmsis_gcc.h ****  * @date     08. May 2019
ARM GAS  C:\Users\Simon\AppData\Local\Temp\cckLcbnF.s 			page 5


   6:Drivers/CMSIS/Include/cmsis_gcc.h ****  ******************************************************************************/
   7:Drivers/CMSIS/Include/cmsis_gcc.h **** /*
   8:Drivers/CMSIS/Include/cmsis_gcc.h ****  * Copyright (c) 2009-2019 Arm Limited. All rights reserved.
   9:Drivers/CMSIS/Include/cmsis_gcc.h ****  *
  10:Drivers/CMSIS/Include/cmsis_gcc.h ****  * SPDX-License-Identifier: Apache-2.0
  11:Drivers/CMSIS/Include/cmsis_gcc.h ****  *
  12:Drivers/CMSIS/Include/cmsis_gcc.h ****  * Licensed under the Apache License, Version 2.0 (the License); you may
  13:Drivers/CMSIS/Include/cmsis_gcc.h ****  * not use this file except in compliance with the License.
  14:Drivers/CMSIS/Include/cmsis_gcc.h ****  * You may obtain a copy of the License at
  15:Drivers/CMSIS/Include/cmsis_gcc.h ****  *
  16:Drivers/CMSIS/Include/cmsis_gcc.h ****  * www.apache.org/licenses/LICENSE-2.0
  17:Drivers/CMSIS/Include/cmsis_gcc.h ****  *
  18:Drivers/CMSIS/Include/cmsis_gcc.h ****  * Unless required by applicable law or agreed to in writing, software
  19:Drivers/CMSIS/Include/cmsis_gcc.h ****  * distributed under the License is distributed on an AS IS BASIS, WITHOUT
  20:Drivers/CMSIS/Include/cmsis_gcc.h ****  * WARRANTIES OR CONDITIONS OF ANY KIND, either express or implied.
  21:Drivers/CMSIS/Include/cmsis_gcc.h ****  * See the License for the specific language governing permissions and
  22:Drivers/CMSIS/Include/cmsis_gcc.h ****  * limitations under the License.
  23:Drivers/CMSIS/Include/cmsis_gcc.h ****  */
  24:Drivers/CMSIS/Include/cmsis_gcc.h **** 
  25:Drivers/CMSIS/Include/cmsis_gcc.h **** #ifndef __CMSIS_GCC_H
  26:Drivers/CMSIS/Include/cmsis_gcc.h **** #define __CMSIS_GCC_H
  27:Drivers/CMSIS/Include/cmsis_gcc.h **** 
  28:Drivers/CMSIS/Include/cmsis_gcc.h **** /* ignore some GCC warnings */
  29:Drivers/CMSIS/Include/cmsis_gcc.h **** #pragma GCC diagnostic push
  30:Drivers/CMSIS/Include/cmsis_gcc.h **** #pragma GCC diagnostic ignored "-Wsign-conversion"
  31:Drivers/CMSIS/Include/cmsis_gcc.h **** #pragma GCC diagnostic ignored "-Wconversion"
  32:Drivers/CMSIS/Include/cmsis_gcc.h **** #pragma GCC diagnostic ignored "-Wunused-parameter"
  33:Drivers/CMSIS/Include/cmsis_gcc.h **** 
  34:Drivers/CMSIS/Include/cmsis_gcc.h **** /* Fallback for __has_builtin */
  35:Drivers/CMSIS/Include/cmsis_gcc.h **** #ifndef __has_builtin
  36:Drivers/CMSIS/Include/cmsis_gcc.h ****   #define __has_builtin(x) (0)
  37:Drivers/CMSIS/Include/cmsis_gcc.h **** #endif
  38:Drivers/CMSIS/Include/cmsis_gcc.h **** 
  39:Drivers/CMSIS/Include/cmsis_gcc.h **** /* CMSIS compiler specific defines */
  40:Drivers/CMSIS/Include/cmsis_gcc.h **** #ifndef   __ASM
  41:Drivers/CMSIS/Include/cmsis_gcc.h ****   #define __ASM                                  __asm
  42:Drivers/CMSIS/Include/cmsis_gcc.h **** #endif
  43:Drivers/CMSIS/Include/cmsis_gcc.h **** #ifndef   __INLINE
  44:Drivers/CMSIS/Include/cmsis_gcc.h ****   #define __INLINE                               inline
  45:Drivers/CMSIS/Include/cmsis_gcc.h **** #endif
  46:Drivers/CMSIS/Include/cmsis_gcc.h **** #ifndef   __STATIC_INLINE
  47:Drivers/CMSIS/Include/cmsis_gcc.h ****   #define __STATIC_INLINE                        static inline
  48:Drivers/CMSIS/Include/cmsis_gcc.h **** #endif
  49:Drivers/CMSIS/Include/cmsis_gcc.h **** #ifndef   __STATIC_FORCEINLINE                 
  50:Drivers/CMSIS/Include/cmsis_gcc.h ****   #define __STATIC_FORCEINLINE                   __attribute__((always_inline)) static inline
  51:Drivers/CMSIS/Include/cmsis_gcc.h **** #endif                                           
  52:Drivers/CMSIS/Include/cmsis_gcc.h **** #ifndef   __NO_RETURN
  53:Drivers/CMSIS/Include/cmsis_gcc.h ****   #define __NO_RETURN                            __attribute__((__noreturn__))
  54:Drivers/CMSIS/Include/cmsis_gcc.h **** #endif
  55:Drivers/CMSIS/Include/cmsis_gcc.h **** #ifndef   __USED
  56:Drivers/CMSIS/Include/cmsis_gcc.h ****   #define __USED                                 __attribute__((used))
  57:Drivers/CMSIS/Include/cmsis_gcc.h **** #endif
  58:Drivers/CMSIS/Include/cmsis_gcc.h **** #ifndef   __WEAK
  59:Drivers/CMSIS/Include/cmsis_gcc.h ****   #define __WEAK                                 __attribute__((weak))
  60:Drivers/CMSIS/Include/cmsis_gcc.h **** #endif
  61:Drivers/CMSIS/Include/cmsis_gcc.h **** #ifndef   __PACKED
  62:Drivers/CMSIS/Include/cmsis_gcc.h ****   #define __PACKED                               __attribute__((packed, aligned(1)))
ARM GAS  C:\Users\Simon\AppData\Local\Temp\cckLcbnF.s 			page 6


  63:Drivers/CMSIS/Include/cmsis_gcc.h **** #endif
  64:Drivers/CMSIS/Include/cmsis_gcc.h **** #ifndef   __PACKED_STRUCT
  65:Drivers/CMSIS/Include/cmsis_gcc.h ****   #define __PACKED_STRUCT                        struct __attribute__((packed, aligned(1)))
  66:Drivers/CMSIS/Include/cmsis_gcc.h **** #endif
  67:Drivers/CMSIS/Include/cmsis_gcc.h **** #ifndef   __PACKED_UNION
  68:Drivers/CMSIS/Include/cmsis_gcc.h ****   #define __PACKED_UNION                         union __attribute__((packed, aligned(1)))
  69:Drivers/CMSIS/Include/cmsis_gcc.h **** #endif
  70:Drivers/CMSIS/Include/cmsis_gcc.h **** #ifndef   __UNALIGNED_UINT32        /* deprecated */
  71:Drivers/CMSIS/Include/cmsis_gcc.h ****   #pragma GCC diagnostic push
  72:Drivers/CMSIS/Include/cmsis_gcc.h ****   #pragma GCC diagnostic ignored "-Wpacked"
  73:Drivers/CMSIS/Include/cmsis_gcc.h ****   #pragma GCC diagnostic ignored "-Wattributes"
  74:Drivers/CMSIS/Include/cmsis_gcc.h ****   struct __attribute__((packed)) T_UINT32 { uint32_t v; };
  75:Drivers/CMSIS/Include/cmsis_gcc.h ****   #pragma GCC diagnostic pop
  76:Drivers/CMSIS/Include/cmsis_gcc.h ****   #define __UNALIGNED_UINT32(x)                  (((struct T_UINT32 *)(x))->v)
  77:Drivers/CMSIS/Include/cmsis_gcc.h **** #endif
  78:Drivers/CMSIS/Include/cmsis_gcc.h **** #ifndef   __UNALIGNED_UINT16_WRITE
  79:Drivers/CMSIS/Include/cmsis_gcc.h ****   #pragma GCC diagnostic push
  80:Drivers/CMSIS/Include/cmsis_gcc.h ****   #pragma GCC diagnostic ignored "-Wpacked"
  81:Drivers/CMSIS/Include/cmsis_gcc.h ****   #pragma GCC diagnostic ignored "-Wattributes"
  82:Drivers/CMSIS/Include/cmsis_gcc.h ****   __PACKED_STRUCT T_UINT16_WRITE { uint16_t v; };
  83:Drivers/CMSIS/Include/cmsis_gcc.h ****   #pragma GCC diagnostic pop
  84:Drivers/CMSIS/Include/cmsis_gcc.h ****   #define __UNALIGNED_UINT16_WRITE(addr, val)    (void)((((struct T_UINT16_WRITE *)(void *)(addr))-
  85:Drivers/CMSIS/Include/cmsis_gcc.h **** #endif
  86:Drivers/CMSIS/Include/cmsis_gcc.h **** #ifndef   __UNALIGNED_UINT16_READ
  87:Drivers/CMSIS/Include/cmsis_gcc.h ****   #pragma GCC diagnostic push
  88:Drivers/CMSIS/Include/cmsis_gcc.h ****   #pragma GCC diagnostic ignored "-Wpacked"
  89:Drivers/CMSIS/Include/cmsis_gcc.h ****   #pragma GCC diagnostic ignored "-Wattributes"
  90:Drivers/CMSIS/Include/cmsis_gcc.h ****   __PACKED_STRUCT T_UINT16_READ { uint16_t v; };
  91:Drivers/CMSIS/Include/cmsis_gcc.h ****   #pragma GCC diagnostic pop
  92:Drivers/CMSIS/Include/cmsis_gcc.h ****   #define __UNALIGNED_UINT16_READ(addr)          (((const struct T_UINT16_READ *)(const void *)(add
  93:Drivers/CMSIS/Include/cmsis_gcc.h **** #endif
  94:Drivers/CMSIS/Include/cmsis_gcc.h **** #ifndef   __UNALIGNED_UINT32_WRITE
  95:Drivers/CMSIS/Include/cmsis_gcc.h ****   #pragma GCC diagnostic push
  96:Drivers/CMSIS/Include/cmsis_gcc.h ****   #pragma GCC diagnostic ignored "-Wpacked"
  97:Drivers/CMSIS/Include/cmsis_gcc.h ****   #pragma GCC diagnostic ignored "-Wattributes"
  98:Drivers/CMSIS/Include/cmsis_gcc.h ****   __PACKED_STRUCT T_UINT32_WRITE { uint32_t v; };
  99:Drivers/CMSIS/Include/cmsis_gcc.h ****   #pragma GCC diagnostic pop
 100:Drivers/CMSIS/Include/cmsis_gcc.h ****   #define __UNALIGNED_UINT32_WRITE(addr, val)    (void)((((struct T_UINT32_WRITE *)(void *)(addr))-
 101:Drivers/CMSIS/Include/cmsis_gcc.h **** #endif
 102:Drivers/CMSIS/Include/cmsis_gcc.h **** #ifndef   __UNALIGNED_UINT32_READ
 103:Drivers/CMSIS/Include/cmsis_gcc.h ****   #pragma GCC diagnostic push
 104:Drivers/CMSIS/Include/cmsis_gcc.h ****   #pragma GCC diagnostic ignored "-Wpacked"
 105:Drivers/CMSIS/Include/cmsis_gcc.h ****   #pragma GCC diagnostic ignored "-Wattributes"
 106:Drivers/CMSIS/Include/cmsis_gcc.h ****   __PACKED_STRUCT T_UINT32_READ { uint32_t v; };
 107:Drivers/CMSIS/Include/cmsis_gcc.h ****   #pragma GCC diagnostic pop
 108:Drivers/CMSIS/Include/cmsis_gcc.h ****   #define __UNALIGNED_UINT32_READ(addr)          (((const struct T_UINT32_READ *)(const void *)(add
 109:Drivers/CMSIS/Include/cmsis_gcc.h **** #endif
 110:Drivers/CMSIS/Include/cmsis_gcc.h **** #ifndef   __ALIGNED
 111:Drivers/CMSIS/Include/cmsis_gcc.h ****   #define __ALIGNED(x)                           __attribute__((aligned(x)))
 112:Drivers/CMSIS/Include/cmsis_gcc.h **** #endif
 113:Drivers/CMSIS/Include/cmsis_gcc.h **** #ifndef   __RESTRICT
 114:Drivers/CMSIS/Include/cmsis_gcc.h ****   #define __RESTRICT                             __restrict
 115:Drivers/CMSIS/Include/cmsis_gcc.h **** #endif
 116:Drivers/CMSIS/Include/cmsis_gcc.h **** #ifndef   __COMPILER_BARRIER
 117:Drivers/CMSIS/Include/cmsis_gcc.h ****   #define __COMPILER_BARRIER()                   __ASM volatile("":::"memory")
 118:Drivers/CMSIS/Include/cmsis_gcc.h **** #endif
 119:Drivers/CMSIS/Include/cmsis_gcc.h **** 
ARM GAS  C:\Users\Simon\AppData\Local\Temp\cckLcbnF.s 			page 7


 120:Drivers/CMSIS/Include/cmsis_gcc.h **** /* #########################  Startup and Lowlevel Init  ######################## */
 121:Drivers/CMSIS/Include/cmsis_gcc.h **** 
 122:Drivers/CMSIS/Include/cmsis_gcc.h **** #ifndef __PROGRAM_START
 123:Drivers/CMSIS/Include/cmsis_gcc.h **** 
 124:Drivers/CMSIS/Include/cmsis_gcc.h **** /**
 125:Drivers/CMSIS/Include/cmsis_gcc.h ****   \brief   Initializes data and bss sections
 126:Drivers/CMSIS/Include/cmsis_gcc.h ****   \details This default implementations initialized all data and additional bss
 127:Drivers/CMSIS/Include/cmsis_gcc.h ****            sections relying on .copy.table and .zero.table specified properly
 128:Drivers/CMSIS/Include/cmsis_gcc.h ****            in the used linker script.
 129:Drivers/CMSIS/Include/cmsis_gcc.h ****   
 130:Drivers/CMSIS/Include/cmsis_gcc.h ****  */
 131:Drivers/CMSIS/Include/cmsis_gcc.h **** __STATIC_FORCEINLINE __NO_RETURN void __cmsis_start(void)
 132:Drivers/CMSIS/Include/cmsis_gcc.h **** {
 133:Drivers/CMSIS/Include/cmsis_gcc.h ****   extern void _start(void) __NO_RETURN;
 134:Drivers/CMSIS/Include/cmsis_gcc.h ****   
 135:Drivers/CMSIS/Include/cmsis_gcc.h ****   typedef struct {
 136:Drivers/CMSIS/Include/cmsis_gcc.h ****     uint32_t const* src;
 137:Drivers/CMSIS/Include/cmsis_gcc.h ****     uint32_t* dest;
 138:Drivers/CMSIS/Include/cmsis_gcc.h ****     uint32_t  wlen;
 139:Drivers/CMSIS/Include/cmsis_gcc.h ****   } __copy_table_t;
 140:Drivers/CMSIS/Include/cmsis_gcc.h ****   
 141:Drivers/CMSIS/Include/cmsis_gcc.h ****   typedef struct {
 142:Drivers/CMSIS/Include/cmsis_gcc.h ****     uint32_t* dest;
 143:Drivers/CMSIS/Include/cmsis_gcc.h ****     uint32_t  wlen;
 144:Drivers/CMSIS/Include/cmsis_gcc.h ****   } __zero_table_t;
 145:Drivers/CMSIS/Include/cmsis_gcc.h ****   
 146:Drivers/CMSIS/Include/cmsis_gcc.h ****   extern const __copy_table_t __copy_table_start__;
 147:Drivers/CMSIS/Include/cmsis_gcc.h ****   extern const __copy_table_t __copy_table_end__;
 148:Drivers/CMSIS/Include/cmsis_gcc.h ****   extern const __zero_table_t __zero_table_start__;
 149:Drivers/CMSIS/Include/cmsis_gcc.h ****   extern const __zero_table_t __zero_table_end__;
 150:Drivers/CMSIS/Include/cmsis_gcc.h **** 
 151:Drivers/CMSIS/Include/cmsis_gcc.h ****   for (__copy_table_t const* pTable = &__copy_table_start__; pTable < &__copy_table_end__; ++pTable
 152:Drivers/CMSIS/Include/cmsis_gcc.h ****     for(uint32_t i=0u; i<pTable->wlen; ++i) {
 153:Drivers/CMSIS/Include/cmsis_gcc.h ****       pTable->dest[i] = pTable->src[i];
 154:Drivers/CMSIS/Include/cmsis_gcc.h ****     }
 155:Drivers/CMSIS/Include/cmsis_gcc.h ****   }
 156:Drivers/CMSIS/Include/cmsis_gcc.h ****  
 157:Drivers/CMSIS/Include/cmsis_gcc.h ****   for (__zero_table_t const* pTable = &__zero_table_start__; pTable < &__zero_table_end__; ++pTable
 158:Drivers/CMSIS/Include/cmsis_gcc.h ****     for(uint32_t i=0u; i<pTable->wlen; ++i) {
 159:Drivers/CMSIS/Include/cmsis_gcc.h ****       pTable->dest[i] = 0u;
 160:Drivers/CMSIS/Include/cmsis_gcc.h ****     }
 161:Drivers/CMSIS/Include/cmsis_gcc.h ****   }
 162:Drivers/CMSIS/Include/cmsis_gcc.h ****  
 163:Drivers/CMSIS/Include/cmsis_gcc.h ****   _start();
 164:Drivers/CMSIS/Include/cmsis_gcc.h **** }
 165:Drivers/CMSIS/Include/cmsis_gcc.h ****   
 166:Drivers/CMSIS/Include/cmsis_gcc.h **** #define __PROGRAM_START           __cmsis_start
 167:Drivers/CMSIS/Include/cmsis_gcc.h **** #endif
 168:Drivers/CMSIS/Include/cmsis_gcc.h **** 
 169:Drivers/CMSIS/Include/cmsis_gcc.h **** #ifndef __INITIAL_SP
 170:Drivers/CMSIS/Include/cmsis_gcc.h **** #define __INITIAL_SP              __StackTop
 171:Drivers/CMSIS/Include/cmsis_gcc.h **** #endif
 172:Drivers/CMSIS/Include/cmsis_gcc.h **** 
 173:Drivers/CMSIS/Include/cmsis_gcc.h **** #ifndef __STACK_LIMIT
 174:Drivers/CMSIS/Include/cmsis_gcc.h **** #define __STACK_LIMIT             __StackLimit
 175:Drivers/CMSIS/Include/cmsis_gcc.h **** #endif
 176:Drivers/CMSIS/Include/cmsis_gcc.h **** 
ARM GAS  C:\Users\Simon\AppData\Local\Temp\cckLcbnF.s 			page 8


 177:Drivers/CMSIS/Include/cmsis_gcc.h **** #ifndef __VECTOR_TABLE
 178:Drivers/CMSIS/Include/cmsis_gcc.h **** #define __VECTOR_TABLE            __Vectors
 179:Drivers/CMSIS/Include/cmsis_gcc.h **** #endif
 180:Drivers/CMSIS/Include/cmsis_gcc.h **** 
 181:Drivers/CMSIS/Include/cmsis_gcc.h **** #ifndef __VECTOR_TABLE_ATTRIBUTE
 182:Drivers/CMSIS/Include/cmsis_gcc.h **** #define __VECTOR_TABLE_ATTRIBUTE  __attribute((used, section(".vectors")))
 183:Drivers/CMSIS/Include/cmsis_gcc.h **** #endif
 184:Drivers/CMSIS/Include/cmsis_gcc.h **** 
 185:Drivers/CMSIS/Include/cmsis_gcc.h **** /* ###########################  Core Function Access  ########################### */
 186:Drivers/CMSIS/Include/cmsis_gcc.h **** /** \ingroup  CMSIS_Core_FunctionInterface
 187:Drivers/CMSIS/Include/cmsis_gcc.h ****     \defgroup CMSIS_Core_RegAccFunctions CMSIS Core Register Access Functions
 188:Drivers/CMSIS/Include/cmsis_gcc.h ****   @{
 189:Drivers/CMSIS/Include/cmsis_gcc.h ****  */
 190:Drivers/CMSIS/Include/cmsis_gcc.h **** 
 191:Drivers/CMSIS/Include/cmsis_gcc.h **** /**
 192:Drivers/CMSIS/Include/cmsis_gcc.h ****   \brief   Enable IRQ Interrupts
 193:Drivers/CMSIS/Include/cmsis_gcc.h ****   \details Enables IRQ interrupts by clearing the I-bit in the CPSR.
 194:Drivers/CMSIS/Include/cmsis_gcc.h ****            Can only be executed in Privileged modes.
 195:Drivers/CMSIS/Include/cmsis_gcc.h ****  */
 196:Drivers/CMSIS/Include/cmsis_gcc.h **** __STATIC_FORCEINLINE void __enable_irq(void)
 197:Drivers/CMSIS/Include/cmsis_gcc.h **** {
 198:Drivers/CMSIS/Include/cmsis_gcc.h ****   __ASM volatile ("cpsie i" : : : "memory");
 199:Drivers/CMSIS/Include/cmsis_gcc.h **** }
 200:Drivers/CMSIS/Include/cmsis_gcc.h **** 
 201:Drivers/CMSIS/Include/cmsis_gcc.h **** 
 202:Drivers/CMSIS/Include/cmsis_gcc.h **** /**
 203:Drivers/CMSIS/Include/cmsis_gcc.h ****   \brief   Disable IRQ Interrupts
 204:Drivers/CMSIS/Include/cmsis_gcc.h ****   \details Disables IRQ interrupts by setting the I-bit in the CPSR.
 205:Drivers/CMSIS/Include/cmsis_gcc.h ****            Can only be executed in Privileged modes.
 206:Drivers/CMSIS/Include/cmsis_gcc.h ****  */
 207:Drivers/CMSIS/Include/cmsis_gcc.h **** __STATIC_FORCEINLINE void __disable_irq(void)
  39              		.loc 2 207 27 view .LVU2
  40              	.LBB5:
 208:Drivers/CMSIS/Include/cmsis_gcc.h **** {
 209:Drivers/CMSIS/Include/cmsis_gcc.h ****   __ASM volatile ("cpsid i" : : : "memory");
  41              		.loc 2 209 3 view .LVU3
  42              		.syntax unified
  43              	@ 209 "Drivers/CMSIS/Include/cmsis_gcc.h" 1
  44 0000 72B6     		cpsid i
  45              	@ 0 "" 2
  46              		.thumb
  47              		.syntax unified
  48              	.L2:
  49              	.LBE5:
  50              	.LBE4:
 187:Core/Src/main.c ****   while (1)
  51              		.loc 1 187 3 view .LVU4
 188:Core/Src/main.c ****   {
 189:Core/Src/main.c ****   }
  52              		.loc 1 189 3 view .LVU5
 187:Core/Src/main.c ****   while (1)
  53              		.loc 1 187 9 view .LVU6
  54 0002 FEE7     		b	.L2
  55              		.cfi_endproc
  56              	.LFE137:
  58              		.section	.text.SystemClock_Config,"ax",%progbits
  59              		.align	1
ARM GAS  C:\Users\Simon\AppData\Local\Temp\cckLcbnF.s 			page 9


  60              		.global	SystemClock_Config
  61              		.syntax unified
  62              		.thumb
  63              		.thumb_func
  65              	SystemClock_Config:
  66              	.LFB136:
 133:Core/Src/main.c ****   RCC_OscInitTypeDef RCC_OscInitStruct = {0};
  67              		.loc 1 133 1 view -0
  68              		.cfi_startproc
  69              		@ args = 0, pretend = 0, frame = 80
  70              		@ frame_needed = 0, uses_anonymous_args = 0
  71 0000 00B5     		push	{lr}
  72              	.LCFI0:
  73              		.cfi_def_cfa_offset 4
  74              		.cfi_offset 14, -4
  75 0002 95B0     		sub	sp, sp, #84
  76              	.LCFI1:
  77              		.cfi_def_cfa_offset 88
 134:Core/Src/main.c ****   RCC_ClkInitTypeDef RCC_ClkInitStruct = {0};
  78              		.loc 1 134 3 view .LVU8
 134:Core/Src/main.c ****   RCC_ClkInitTypeDef RCC_ClkInitStruct = {0};
  79              		.loc 1 134 22 is_stmt 0 view .LVU9
  80 0004 3822     		movs	r2, #56
  81 0006 0021     		movs	r1, #0
  82 0008 06A8     		add	r0, sp, #24
  83 000a FFF7FEFF 		bl	memset
  84              	.LVL0:
 135:Core/Src/main.c **** 
  85              		.loc 1 135 3 is_stmt 1 view .LVU10
 135:Core/Src/main.c **** 
  86              		.loc 1 135 22 is_stmt 0 view .LVU11
  87 000e 0020     		movs	r0, #0
  88 0010 0190     		str	r0, [sp, #4]
  89 0012 0290     		str	r0, [sp, #8]
  90 0014 0390     		str	r0, [sp, #12]
  91 0016 0490     		str	r0, [sp, #16]
  92 0018 0590     		str	r0, [sp, #20]
 139:Core/Src/main.c **** 
  93              		.loc 1 139 3 is_stmt 1 view .LVU12
  94 001a FFF7FEFF 		bl	HAL_PWREx_ControlVoltageScaling
  95              	.LVL1:
 144:Core/Src/main.c ****   RCC_OscInitStruct.HSIState = RCC_HSI_ON;
  96              		.loc 1 144 3 view .LVU13
 144:Core/Src/main.c ****   RCC_OscInitStruct.HSIState = RCC_HSI_ON;
  97              		.loc 1 144 36 is_stmt 0 view .LVU14
  98 001e 0223     		movs	r3, #2
  99 0020 0693     		str	r3, [sp, #24]
 145:Core/Src/main.c ****   RCC_OscInitStruct.HSICalibrationValue = RCC_HSICALIBRATION_DEFAULT;
 100              		.loc 1 145 3 is_stmt 1 view .LVU15
 145:Core/Src/main.c ****   RCC_OscInitStruct.HSICalibrationValue = RCC_HSICALIBRATION_DEFAULT;
 101              		.loc 1 145 30 is_stmt 0 view .LVU16
 102 0022 4FF48072 		mov	r2, #256
 103 0026 0992     		str	r2, [sp, #36]
 146:Core/Src/main.c ****   RCC_OscInitStruct.PLL.PLLState = RCC_PLL_ON;
 104              		.loc 1 146 3 is_stmt 1 view .LVU17
 146:Core/Src/main.c ****   RCC_OscInitStruct.PLL.PLLState = RCC_PLL_ON;
 105              		.loc 1 146 41 is_stmt 0 view .LVU18
ARM GAS  C:\Users\Simon\AppData\Local\Temp\cckLcbnF.s 			page 10


 106 0028 4022     		movs	r2, #64
 107 002a 0A92     		str	r2, [sp, #40]
 147:Core/Src/main.c ****   RCC_OscInitStruct.PLL.PLLSource = RCC_PLLSOURCE_HSI;
 108              		.loc 1 147 3 is_stmt 1 view .LVU19
 147:Core/Src/main.c ****   RCC_OscInitStruct.PLL.PLLSource = RCC_PLLSOURCE_HSI;
 109              		.loc 1 147 34 is_stmt 0 view .LVU20
 110 002c 0D93     		str	r3, [sp, #52]
 148:Core/Src/main.c ****   RCC_OscInitStruct.PLL.PLLM = RCC_PLLM_DIV4;
 111              		.loc 1 148 3 is_stmt 1 view .LVU21
 148:Core/Src/main.c ****   RCC_OscInitStruct.PLL.PLLM = RCC_PLLM_DIV4;
 112              		.loc 1 148 35 is_stmt 0 view .LVU22
 113 002e 0E93     		str	r3, [sp, #56]
 149:Core/Src/main.c ****   RCC_OscInitStruct.PLL.PLLN = 85;
 114              		.loc 1 149 3 is_stmt 1 view .LVU23
 149:Core/Src/main.c ****   RCC_OscInitStruct.PLL.PLLN = 85;
 115              		.loc 1 149 30 is_stmt 0 view .LVU24
 116 0030 0422     		movs	r2, #4
 117 0032 0F92     		str	r2, [sp, #60]
 150:Core/Src/main.c ****   RCC_OscInitStruct.PLL.PLLP = RCC_PLLP_DIV2;
 118              		.loc 1 150 3 is_stmt 1 view .LVU25
 150:Core/Src/main.c ****   RCC_OscInitStruct.PLL.PLLP = RCC_PLLP_DIV2;
 119              		.loc 1 150 30 is_stmt 0 view .LVU26
 120 0034 5522     		movs	r2, #85
 121 0036 1092     		str	r2, [sp, #64]
 151:Core/Src/main.c ****   RCC_OscInitStruct.PLL.PLLQ = RCC_PLLQ_DIV2;
 122              		.loc 1 151 3 is_stmt 1 view .LVU27
 151:Core/Src/main.c ****   RCC_OscInitStruct.PLL.PLLQ = RCC_PLLQ_DIV2;
 123              		.loc 1 151 30 is_stmt 0 view .LVU28
 124 0038 1193     		str	r3, [sp, #68]
 152:Core/Src/main.c ****   RCC_OscInitStruct.PLL.PLLR = RCC_PLLR_DIV2;
 125              		.loc 1 152 3 is_stmt 1 view .LVU29
 152:Core/Src/main.c ****   RCC_OscInitStruct.PLL.PLLR = RCC_PLLR_DIV2;
 126              		.loc 1 152 30 is_stmt 0 view .LVU30
 127 003a 1293     		str	r3, [sp, #72]
 153:Core/Src/main.c ****   if (HAL_RCC_OscConfig(&RCC_OscInitStruct) != HAL_OK)
 128              		.loc 1 153 3 is_stmt 1 view .LVU31
 153:Core/Src/main.c ****   if (HAL_RCC_OscConfig(&RCC_OscInitStruct) != HAL_OK)
 129              		.loc 1 153 30 is_stmt 0 view .LVU32
 130 003c 1393     		str	r3, [sp, #76]
 154:Core/Src/main.c ****   {
 131              		.loc 1 154 3 is_stmt 1 view .LVU33
 154:Core/Src/main.c ****   {
 132              		.loc 1 154 7 is_stmt 0 view .LVU34
 133 003e 06A8     		add	r0, sp, #24
 134 0040 FFF7FEFF 		bl	HAL_RCC_OscConfig
 135              	.LVL2:
 154:Core/Src/main.c ****   {
 136              		.loc 1 154 6 discriminator 1 view .LVU35
 137 0044 80B9     		cbnz	r0, .L7
 161:Core/Src/main.c ****                               |RCC_CLOCKTYPE_PCLK1|RCC_CLOCKTYPE_PCLK2;
 138              		.loc 1 161 3 is_stmt 1 view .LVU36
 161:Core/Src/main.c ****                               |RCC_CLOCKTYPE_PCLK1|RCC_CLOCKTYPE_PCLK2;
 139              		.loc 1 161 31 is_stmt 0 view .LVU37
 140 0046 0F23     		movs	r3, #15
 141 0048 0193     		str	r3, [sp, #4]
 163:Core/Src/main.c ****   RCC_ClkInitStruct.AHBCLKDivider = RCC_SYSCLK_DIV1;
 142              		.loc 1 163 3 is_stmt 1 view .LVU38
ARM GAS  C:\Users\Simon\AppData\Local\Temp\cckLcbnF.s 			page 11


 163:Core/Src/main.c ****   RCC_ClkInitStruct.AHBCLKDivider = RCC_SYSCLK_DIV1;
 143              		.loc 1 163 34 is_stmt 0 view .LVU39
 144 004a 0323     		movs	r3, #3
 145 004c 0293     		str	r3, [sp, #8]
 164:Core/Src/main.c ****   RCC_ClkInitStruct.APB1CLKDivider = RCC_HCLK_DIV1;
 146              		.loc 1 164 3 is_stmt 1 view .LVU40
 164:Core/Src/main.c ****   RCC_ClkInitStruct.APB1CLKDivider = RCC_HCLK_DIV1;
 147              		.loc 1 164 35 is_stmt 0 view .LVU41
 148 004e 0023     		movs	r3, #0
 149 0050 0393     		str	r3, [sp, #12]
 165:Core/Src/main.c ****   RCC_ClkInitStruct.APB2CLKDivider = RCC_HCLK_DIV1;
 150              		.loc 1 165 3 is_stmt 1 view .LVU42
 165:Core/Src/main.c ****   RCC_ClkInitStruct.APB2CLKDivider = RCC_HCLK_DIV1;
 151              		.loc 1 165 36 is_stmt 0 view .LVU43
 152 0052 0493     		str	r3, [sp, #16]
 166:Core/Src/main.c **** 
 153              		.loc 1 166 3 is_stmt 1 view .LVU44
 166:Core/Src/main.c **** 
 154              		.loc 1 166 36 is_stmt 0 view .LVU45
 155 0054 0593     		str	r3, [sp, #20]
 168:Core/Src/main.c ****   {
 156              		.loc 1 168 3 is_stmt 1 view .LVU46
 168:Core/Src/main.c ****   {
 157              		.loc 1 168 7 is_stmt 0 view .LVU47
 158 0056 0421     		movs	r1, #4
 159 0058 0DEB0100 		add	r0, sp, r1
 160 005c FFF7FEFF 		bl	HAL_RCC_ClockConfig
 161              	.LVL3:
 168:Core/Src/main.c ****   {
 162              		.loc 1 168 6 discriminator 1 view .LVU48
 163 0060 20B9     		cbnz	r0, .L8
 172:Core/Src/main.c **** 
 164              		.loc 1 172 1 view .LVU49
 165 0062 15B0     		add	sp, sp, #84
 166              	.LCFI2:
 167              		.cfi_remember_state
 168              		.cfi_def_cfa_offset 4
 169              		@ sp needed
 170 0064 5DF804FB 		ldr	pc, [sp], #4
 171              	.L7:
 172              	.LCFI3:
 173              		.cfi_restore_state
 156:Core/Src/main.c ****   }
 174              		.loc 1 156 5 is_stmt 1 view .LVU50
 175 0068 FFF7FEFF 		bl	Error_Handler
 176              	.LVL4:
 177              	.L8:
 170:Core/Src/main.c ****   }
 178              		.loc 1 170 5 view .LVU51
 179 006c FFF7FEFF 		bl	Error_Handler
 180              	.LVL5:
 181              		.cfi_endproc
 182              	.LFE136:
 184              		.section	.text.main,"ax",%progbits
 185              		.align	1
 186              		.global	main
 187              		.syntax unified
ARM GAS  C:\Users\Simon\AppData\Local\Temp\cckLcbnF.s 			page 12


 188              		.thumb
 189              		.thumb_func
 191              	main:
 192              	.LFB135:
  68:Core/Src/main.c **** 
 193              		.loc 1 68 1 view -0
 194              		.cfi_startproc
 195              		@ Volatile: function does not return.
 196              		@ args = 0, pretend = 0, frame = 0
 197              		@ frame_needed = 0, uses_anonymous_args = 0
 198 0000 08B5     		push	{r3, lr}
 199              	.LCFI4:
 200              		.cfi_def_cfa_offset 8
 201              		.cfi_offset 3, -8
 202              		.cfi_offset 14, -4
  77:Core/Src/main.c **** 
 203              		.loc 1 77 3 view .LVU53
 204 0002 FFF7FEFF 		bl	HAL_Init
 205              	.LVL6:
  84:Core/Src/main.c **** 
 206              		.loc 1 84 3 view .LVU54
 207 0006 FFF7FEFF 		bl	SystemClock_Config
 208              	.LVL7:
  91:Core/Src/main.c ****   MX_TIM1_Init();
 209              		.loc 1 91 3 view .LVU55
 210 000a FFF7FEFF 		bl	MX_GPIO_Init
 211              	.LVL8:
  92:Core/Src/main.c ****   MX_TIM8_Init();
 212              		.loc 1 92 3 view .LVU56
 213 000e FFF7FEFF 		bl	MX_TIM1_Init
 214              	.LVL9:
  93:Core/Src/main.c ****   MX_TIM5_Init();
 215              		.loc 1 93 3 view .LVU57
 216 0012 FFF7FEFF 		bl	MX_TIM8_Init
 217              	.LVL10:
  94:Core/Src/main.c ****   /* USER CODE BEGIN 2 */
 218              		.loc 1 94 3 view .LVU58
 219 0016 FFF7FEFF 		bl	MX_TIM5_Init
 220              	.LVL11:
 100:Core/Src/main.c **** 
 221              		.loc 1 100 3 view .LVU59
 222 001a 0020     		movs	r0, #0
 223 001c FFF7FEFF 		bl	BSP_LED_Init
 224              	.LVL12:
 103:Core/Src/main.c **** 
 225              		.loc 1 103 3 view .LVU60
 226 0020 0121     		movs	r1, #1
 227 0022 0020     		movs	r0, #0
 228 0024 FFF7FEFF 		bl	BSP_PB_Init
 229              	.LVL13:
 106:Core/Src/main.c ****   BspCOMInit.WordLength = COM_WORDLENGTH_8B;
 230              		.loc 1 106 3 view .LVU61
 106:Core/Src/main.c ****   BspCOMInit.WordLength = COM_WORDLENGTH_8B;
 231              		.loc 1 106 25 is_stmt 0 view .LVU62
 232 0028 0849     		ldr	r1, .L13
 233 002a 4FF4E133 		mov	r3, #115200
 234 002e 0B60     		str	r3, [r1]
ARM GAS  C:\Users\Simon\AppData\Local\Temp\cckLcbnF.s 			page 13


 107:Core/Src/main.c ****   BspCOMInit.StopBits   = COM_STOPBITS_1;
 235              		.loc 1 107 3 is_stmt 1 view .LVU63
 107:Core/Src/main.c ****   BspCOMInit.StopBits   = COM_STOPBITS_1;
 236              		.loc 1 107 25 is_stmt 0 view .LVU64
 237 0030 0020     		movs	r0, #0
 238 0032 4860     		str	r0, [r1, #4]
 108:Core/Src/main.c ****   BspCOMInit.Parity     = COM_PARITY_NONE;
 239              		.loc 1 108 3 is_stmt 1 view .LVU65
 108:Core/Src/main.c ****   BspCOMInit.Parity     = COM_PARITY_NONE;
 240              		.loc 1 108 25 is_stmt 0 view .LVU66
 241 0034 0881     		strh	r0, [r1, #8]	@ movhi
 109:Core/Src/main.c ****   BspCOMInit.HwFlowCtl  = COM_HWCONTROL_NONE;
 242              		.loc 1 109 3 is_stmt 1 view .LVU67
 109:Core/Src/main.c ****   BspCOMInit.HwFlowCtl  = COM_HWCONTROL_NONE;
 243              		.loc 1 109 25 is_stmt 0 view .LVU68
 244 0036 4881     		strh	r0, [r1, #10]	@ movhi
 110:Core/Src/main.c ****   if (BSP_COM_Init(COM1, &BspCOMInit) != BSP_ERROR_NONE)
 245              		.loc 1 110 3 is_stmt 1 view .LVU69
 110:Core/Src/main.c ****   if (BSP_COM_Init(COM1, &BspCOMInit) != BSP_ERROR_NONE)
 246              		.loc 1 110 25 is_stmt 0 view .LVU70
 247 0038 8881     		strh	r0, [r1, #12]	@ movhi
 111:Core/Src/main.c ****   {
 248              		.loc 1 111 3 is_stmt 1 view .LVU71
 111:Core/Src/main.c ****   {
 249              		.loc 1 111 7 is_stmt 0 view .LVU72
 250 003a FFF7FEFF 		bl	BSP_COM_Init
 251              	.LVL14:
 111:Core/Src/main.c ****   {
 252              		.loc 1 111 6 discriminator 1 view .LVU73
 253 003e 10B9     		cbnz	r0, .L12
 254              	.L10:
 118:Core/Src/main.c ****   {
 255              		.loc 1 118 3 is_stmt 1 view .LVU74
 256              	.LBB6:
 122:Core/Src/main.c ****     /* USER CODE BEGIN 3 */
 257              		.loc 1 122 5 discriminator 1 view .LVU75
 258 0040 FFF7FEFF 		bl	App_Init
 259              	.LVL15:
 260              	.LBE6:
 118:Core/Src/main.c ****   {
 261              		.loc 1 118 9 view .LVU76
 262 0044 FCE7     		b	.L10
 263              	.L12:
 113:Core/Src/main.c ****   }
 264              		.loc 1 113 5 view .LVU77
 265 0046 FFF7FEFF 		bl	Error_Handler
 266              	.LVL16:
 267              	.L14:
 268 004a 00BF     		.align	2
 269              	.L13:
 270 004c 00000000 		.word	BspCOMInit
 271              		.cfi_endproc
 272              	.LFE135:
 274              		.global	BspCOMInit
 275              		.section	.bss.BspCOMInit,"aw",%nobits
 276              		.align	2
 279              	BspCOMInit:
ARM GAS  C:\Users\Simon\AppData\Local\Temp\cckLcbnF.s 			page 14


 280 0000 00000000 		.space	16
 280      00000000 
 280      00000000 
 280      00000000 
 281              		.text
 282              	.Letext0:
 283              		.file 3 "C:\\ST\\STM32CubeCLT_1.20.0\\GNU-tools-for-STM32\\bin\\../lib/gcc/arm-none-eabi/13.3.1/..
 284              		.file 4 "C:\\ST\\STM32CubeCLT_1.20.0\\GNU-tools-for-STM32\\bin\\../lib/gcc/arm-none-eabi/13.3.1/..
 285              		.file 5 "Drivers/STM32G4xx_HAL_Driver/Inc/stm32g4xx_hal_def.h"
 286              		.file 6 "Drivers/STM32G4xx_HAL_Driver/Inc/stm32g4xx_hal_rcc.h"
 287              		.file 7 "Drivers/BSP/STM32G4xx_Nucleo/stm32g4xx_nucleo.h"
 288              		.file 8 "Drivers/STM32G4xx_HAL_Driver/Inc/stm32g4xx_hal_pwr_ex.h"
 289              		.file 9 "Core/Inc/tim.h"
 290              		.file 10 "Core/Inc/gpio.h"
 291              		.file 11 "Drivers/STM32G4xx_HAL_Driver/Inc/stm32g4xx_hal.h"
 292              		.file 12 "<built-in>"
ARM GAS  C:\Users\Simon\AppData\Local\Temp\cckLcbnF.s 			page 15


DEFINED SYMBOLS
                            *ABS*:00000000 main.c
C:\Users\Simon\AppData\Local\Temp\cckLcbnF.s:21     .text.Error_Handler:00000000 $t
C:\Users\Simon\AppData\Local\Temp\cckLcbnF.s:27     .text.Error_Handler:00000000 Error_Handler
C:\Users\Simon\AppData\Local\Temp\cckLcbnF.s:59     .text.SystemClock_Config:00000000 $t
C:\Users\Simon\AppData\Local\Temp\cckLcbnF.s:65     .text.SystemClock_Config:00000000 SystemClock_Config
C:\Users\Simon\AppData\Local\Temp\cckLcbnF.s:185    .text.main:00000000 $t
C:\Users\Simon\AppData\Local\Temp\cckLcbnF.s:191    .text.main:00000000 main
C:\Users\Simon\AppData\Local\Temp\cckLcbnF.s:270    .text.main:0000004c $d
C:\Users\Simon\AppData\Local\Temp\cckLcbnF.s:279    .bss.BspCOMInit:00000000 BspCOMInit
C:\Users\Simon\AppData\Local\Temp\cckLcbnF.s:276    .bss.BspCOMInit:00000000 $d

UNDEFINED SYMBOLS
memset
HAL_PWREx_ControlVoltageScaling
HAL_RCC_OscConfig
HAL_RCC_ClockConfig
HAL_Init
MX_GPIO_Init
MX_TIM1_Init
MX_TIM8_Init
MX_TIM5_Init
BSP_LED_Init
BSP_PB_Init
BSP_COM_Init
App_Init
