ARM GAS  C:\Users\Simon\AppData\Local\Temp\ccJZXgkn.s 			page 1


   1              		.cpu cortex-m4
   2              		.arch armv7e-m
   3              		.fpu fpv4-sp-d16
   4              		.eabi_attribute 27, 1
   5              		.eabi_attribute 28, 1
   6              		.eabi_attribute 20, 1
   7              		.eabi_attribute 21, 1
   8              		.eabi_attribute 23, 3
   9              		.eabi_attribute 24, 1
  10              		.eabi_attribute 25, 1
  11              		.eabi_attribute 26, 1
  12              		.eabi_attribute 30, 1
  13              		.eabi_attribute 34, 1
  14              		.eabi_attribute 18, 4
  15              		.file	"tim.c"
  16              		.text
  17              	.Ltext0:
  18              		.cfi_sections	.debug_frame
  19              		.file 1 "Core/Src/tim.c"
  20              		.section	.text.MX_TIM5_Init,"ax",%progbits
  21              		.align	1
  22              		.global	MX_TIM5_Init
  23              		.syntax unified
  24              		.thumb
  25              		.thumb_func
  27              	MX_TIM5_Init:
  28              	.LFB136:
   1:Core/Src/tim.c **** /* USER CODE BEGIN Header */
   2:Core/Src/tim.c **** /**
   3:Core/Src/tim.c ****   ******************************************************************************
   4:Core/Src/tim.c ****   * @file    tim.c
   5:Core/Src/tim.c ****   * @brief   This file provides code for the configuration
   6:Core/Src/tim.c ****   *          of the TIM instances.
   7:Core/Src/tim.c ****   ******************************************************************************
   8:Core/Src/tim.c ****   * @attention
   9:Core/Src/tim.c ****   *
  10:Core/Src/tim.c ****   * Copyright (c) 2026 STMicroelectronics.
  11:Core/Src/tim.c ****   * All rights reserved.
  12:Core/Src/tim.c ****   *
  13:Core/Src/tim.c ****   * This software is licensed under terms that can be found in the LICENSE file
  14:Core/Src/tim.c ****   * in the root directory of this software component.
  15:Core/Src/tim.c ****   * If no LICENSE file comes with this software, it is provided AS-IS.
  16:Core/Src/tim.c ****   *
  17:Core/Src/tim.c ****   ******************************************************************************
  18:Core/Src/tim.c ****   */
  19:Core/Src/tim.c **** /* USER CODE END Header */
  20:Core/Src/tim.c **** /* Includes ------------------------------------------------------------------*/
  21:Core/Src/tim.c **** #include "tim.h"
  22:Core/Src/tim.c **** 
  23:Core/Src/tim.c **** /* USER CODE BEGIN 0 */
  24:Core/Src/tim.c **** 
  25:Core/Src/tim.c **** /* USER CODE END 0 */
  26:Core/Src/tim.c **** 
  27:Core/Src/tim.c **** TIM_HandleTypeDef htim1;
  28:Core/Src/tim.c **** TIM_HandleTypeDef htim5;
  29:Core/Src/tim.c **** TIM_HandleTypeDef htim8;
  30:Core/Src/tim.c **** 
ARM GAS  C:\Users\Simon\AppData\Local\Temp\ccJZXgkn.s 			page 2


  31:Core/Src/tim.c **** /* TIM1 init function */
  32:Core/Src/tim.c **** void MX_TIM1_Init(void)
  33:Core/Src/tim.c **** {
  34:Core/Src/tim.c **** 
  35:Core/Src/tim.c ****   /* USER CODE BEGIN TIM1_Init 0 */
  36:Core/Src/tim.c **** 
  37:Core/Src/tim.c ****   /* USER CODE END TIM1_Init 0 */
  38:Core/Src/tim.c **** 
  39:Core/Src/tim.c ****   TIM_ClockConfigTypeDef sClockSourceConfig = {0};
  40:Core/Src/tim.c ****   TIM_MasterConfigTypeDef sMasterConfig = {0};
  41:Core/Src/tim.c ****   TIM_OC_InitTypeDef sConfigOC = {0};
  42:Core/Src/tim.c ****   TIM_BreakDeadTimeConfigTypeDef sBreakDeadTimeConfig = {0};
  43:Core/Src/tim.c **** 
  44:Core/Src/tim.c ****   /* USER CODE BEGIN TIM1_Init 1 */
  45:Core/Src/tim.c **** 
  46:Core/Src/tim.c ****   /* USER CODE END TIM1_Init 1 */
  47:Core/Src/tim.c ****   htim1.Instance = TIM1;
  48:Core/Src/tim.c ****   htim1.Init.Prescaler = 0;
  49:Core/Src/tim.c ****   htim1.Init.CounterMode = TIM_COUNTERMODE_UP;
  50:Core/Src/tim.c ****   htim1.Init.Period = 65535;
  51:Core/Src/tim.c ****   htim1.Init.ClockDivision = TIM_CLOCKDIVISION_DIV1;
  52:Core/Src/tim.c ****   htim1.Init.RepetitionCounter = 0;
  53:Core/Src/tim.c ****   htim1.Init.AutoReloadPreload = TIM_AUTORELOAD_PRELOAD_DISABLE;
  54:Core/Src/tim.c ****   if (HAL_TIM_Base_Init(&htim1) != HAL_OK)
  55:Core/Src/tim.c ****   {
  56:Core/Src/tim.c ****     Error_Handler();
  57:Core/Src/tim.c ****   }
  58:Core/Src/tim.c ****   sClockSourceConfig.ClockSource = TIM_CLOCKSOURCE_INTERNAL;
  59:Core/Src/tim.c ****   if (HAL_TIM_ConfigClockSource(&htim1, &sClockSourceConfig) != HAL_OK)
  60:Core/Src/tim.c ****   {
  61:Core/Src/tim.c ****     Error_Handler();
  62:Core/Src/tim.c ****   }
  63:Core/Src/tim.c ****   if (HAL_TIM_PWM_Init(&htim1) != HAL_OK)
  64:Core/Src/tim.c ****   {
  65:Core/Src/tim.c ****     Error_Handler();
  66:Core/Src/tim.c ****   }
  67:Core/Src/tim.c ****   sMasterConfig.MasterOutputTrigger = TIM_TRGO_RESET;
  68:Core/Src/tim.c ****   sMasterConfig.MasterOutputTrigger2 = TIM_TRGO2_RESET;
  69:Core/Src/tim.c ****   sMasterConfig.MasterSlaveMode = TIM_MASTERSLAVEMODE_DISABLE;
  70:Core/Src/tim.c ****   if (HAL_TIMEx_MasterConfigSynchronization(&htim1, &sMasterConfig) != HAL_OK)
  71:Core/Src/tim.c ****   {
  72:Core/Src/tim.c ****     Error_Handler();
  73:Core/Src/tim.c ****   }
  74:Core/Src/tim.c ****   sConfigOC.OCMode = TIM_OCMODE_PWM1;
  75:Core/Src/tim.c ****   sConfigOC.Pulse = 0;
  76:Core/Src/tim.c ****   sConfigOC.OCPolarity = TIM_OCPOLARITY_HIGH;
  77:Core/Src/tim.c ****   sConfigOC.OCNPolarity = TIM_OCNPOLARITY_HIGH;
  78:Core/Src/tim.c ****   sConfigOC.OCFastMode = TIM_OCFAST_DISABLE;
  79:Core/Src/tim.c ****   sConfigOC.OCIdleState = TIM_OCIDLESTATE_RESET;
  80:Core/Src/tim.c ****   sConfigOC.OCNIdleState = TIM_OCNIDLESTATE_RESET;
  81:Core/Src/tim.c ****   if (HAL_TIM_PWM_ConfigChannel(&htim1, &sConfigOC, TIM_CHANNEL_1) != HAL_OK)
  82:Core/Src/tim.c ****   {
  83:Core/Src/tim.c ****     Error_Handler();
  84:Core/Src/tim.c ****   }
  85:Core/Src/tim.c ****   if (HAL_TIM_PWM_ConfigChannel(&htim1, &sConfigOC, TIM_CHANNEL_2) != HAL_OK)
  86:Core/Src/tim.c ****   {
  87:Core/Src/tim.c ****     Error_Handler();
ARM GAS  C:\Users\Simon\AppData\Local\Temp\ccJZXgkn.s 			page 3


  88:Core/Src/tim.c ****   }
  89:Core/Src/tim.c ****   if (HAL_TIM_PWM_ConfigChannel(&htim1, &sConfigOC, TIM_CHANNEL_3) != HAL_OK)
  90:Core/Src/tim.c ****   {
  91:Core/Src/tim.c ****     Error_Handler();
  92:Core/Src/tim.c ****   }
  93:Core/Src/tim.c ****   sBreakDeadTimeConfig.OffStateRunMode = TIM_OSSR_DISABLE;
  94:Core/Src/tim.c ****   sBreakDeadTimeConfig.OffStateIDLEMode = TIM_OSSI_DISABLE;
  95:Core/Src/tim.c ****   sBreakDeadTimeConfig.LockLevel = TIM_LOCKLEVEL_OFF;
  96:Core/Src/tim.c ****   sBreakDeadTimeConfig.DeadTime = 0;
  97:Core/Src/tim.c ****   sBreakDeadTimeConfig.BreakState = TIM_BREAK_DISABLE;
  98:Core/Src/tim.c ****   sBreakDeadTimeConfig.BreakPolarity = TIM_BREAKPOLARITY_HIGH;
  99:Core/Src/tim.c ****   sBreakDeadTimeConfig.BreakFilter = 0;
 100:Core/Src/tim.c ****   sBreakDeadTimeConfig.BreakAFMode = TIM_BREAK_AFMODE_INPUT;
 101:Core/Src/tim.c ****   sBreakDeadTimeConfig.Break2State = TIM_BREAK2_DISABLE;
 102:Core/Src/tim.c ****   sBreakDeadTimeConfig.Break2Polarity = TIM_BREAK2POLARITY_HIGH;
 103:Core/Src/tim.c ****   sBreakDeadTimeConfig.Break2Filter = 0;
 104:Core/Src/tim.c ****   sBreakDeadTimeConfig.Break2AFMode = TIM_BREAK_AFMODE_INPUT;
 105:Core/Src/tim.c ****   sBreakDeadTimeConfig.AutomaticOutput = TIM_AUTOMATICOUTPUT_DISABLE;
 106:Core/Src/tim.c ****   if (HAL_TIMEx_ConfigBreakDeadTime(&htim1, &sBreakDeadTimeConfig) != HAL_OK)
 107:Core/Src/tim.c ****   {
 108:Core/Src/tim.c ****     Error_Handler();
 109:Core/Src/tim.c ****   }
 110:Core/Src/tim.c ****   /* USER CODE BEGIN TIM1_Init 2 */
 111:Core/Src/tim.c **** 
 112:Core/Src/tim.c ****   /* USER CODE END TIM1_Init 2 */
 113:Core/Src/tim.c ****   HAL_TIM_MspPostInit(&htim1);
 114:Core/Src/tim.c **** 
 115:Core/Src/tim.c **** }
 116:Core/Src/tim.c **** /* TIM5 init function */
 117:Core/Src/tim.c **** void MX_TIM5_Init(void)
 118:Core/Src/tim.c **** {
  29              		.loc 1 118 1 view -0
  30              		.cfi_startproc
  31              		@ args = 0, pretend = 0, frame = 48
  32              		@ frame_needed = 0, uses_anonymous_args = 0
  33 0000 00B5     		push	{lr}
  34              	.LCFI0:
  35              		.cfi_def_cfa_offset 4
  36              		.cfi_offset 14, -4
  37 0002 8DB0     		sub	sp, sp, #52
  38              	.LCFI1:
  39              		.cfi_def_cfa_offset 56
 119:Core/Src/tim.c **** 
 120:Core/Src/tim.c ****   /* USER CODE BEGIN TIM5_Init 0 */
 121:Core/Src/tim.c **** 
 122:Core/Src/tim.c ****   /* USER CODE END TIM5_Init 0 */
 123:Core/Src/tim.c **** 
 124:Core/Src/tim.c ****   TIM_Encoder_InitTypeDef sConfig = {0};
  40              		.loc 1 124 3 view .LVU1
  41              		.loc 1 124 27 is_stmt 0 view .LVU2
  42 0004 2422     		movs	r2, #36
  43 0006 0021     		movs	r1, #0
  44 0008 03A8     		add	r0, sp, #12
  45 000a FFF7FEFF 		bl	memset
  46              	.LVL0:
 125:Core/Src/tim.c ****   TIM_MasterConfigTypeDef sMasterConfig = {0};
  47              		.loc 1 125 3 is_stmt 1 view .LVU3
ARM GAS  C:\Users\Simon\AppData\Local\Temp\ccJZXgkn.s 			page 4


  48              		.loc 1 125 27 is_stmt 0 view .LVU4
  49 000e 0023     		movs	r3, #0
  50 0010 0093     		str	r3, [sp]
  51 0012 0193     		str	r3, [sp, #4]
  52 0014 0293     		str	r3, [sp, #8]
 126:Core/Src/tim.c **** 
 127:Core/Src/tim.c ****   /* USER CODE BEGIN TIM5_Init 1 */
 128:Core/Src/tim.c **** 
 129:Core/Src/tim.c ****   /* USER CODE END TIM5_Init 1 */
 130:Core/Src/tim.c ****   htim5.Instance = TIM5;
  53              		.loc 1 130 3 is_stmt 1 view .LVU5
  54              		.loc 1 130 18 is_stmt 0 view .LVU6
  55 0016 1148     		ldr	r0, .L7
  56 0018 114A     		ldr	r2, .L7+4
  57 001a 0260     		str	r2, [r0]
 131:Core/Src/tim.c ****   htim5.Init.Prescaler = 0;
  58              		.loc 1 131 3 is_stmt 1 view .LVU7
  59              		.loc 1 131 24 is_stmt 0 view .LVU8
  60 001c 4360     		str	r3, [r0, #4]
 132:Core/Src/tim.c ****   htim5.Init.CounterMode = TIM_COUNTERMODE_UP;
  61              		.loc 1 132 3 is_stmt 1 view .LVU9
  62              		.loc 1 132 26 is_stmt 0 view .LVU10
  63 001e 8360     		str	r3, [r0, #8]
 133:Core/Src/tim.c ****   htim5.Init.Period = 4294967295;
  64              		.loc 1 133 3 is_stmt 1 view .LVU11
  65              		.loc 1 133 21 is_stmt 0 view .LVU12
  66 0020 4FF0FF32 		mov	r2, #-1
  67 0024 C260     		str	r2, [r0, #12]
 134:Core/Src/tim.c ****   htim5.Init.ClockDivision = TIM_CLOCKDIVISION_DIV1;
  68              		.loc 1 134 3 is_stmt 1 view .LVU13
  69              		.loc 1 134 28 is_stmt 0 view .LVU14
  70 0026 0361     		str	r3, [r0, #16]
 135:Core/Src/tim.c ****   htim5.Init.AutoReloadPreload = TIM_AUTORELOAD_PRELOAD_DISABLE;
  71              		.loc 1 135 3 is_stmt 1 view .LVU15
  72              		.loc 1 135 32 is_stmt 0 view .LVU16
  73 0028 8361     		str	r3, [r0, #24]
 136:Core/Src/tim.c ****   sConfig.EncoderMode = TIM_ENCODERMODE_TI1;
  74              		.loc 1 136 3 is_stmt 1 view .LVU17
  75              		.loc 1 136 23 is_stmt 0 view .LVU18
  76 002a 0123     		movs	r3, #1
  77 002c 0393     		str	r3, [sp, #12]
 137:Core/Src/tim.c ****   sConfig.IC1Polarity = TIM_ICPOLARITY_RISING;
  78              		.loc 1 137 3 is_stmt 1 view .LVU19
 138:Core/Src/tim.c ****   sConfig.IC1Selection = TIM_ICSELECTION_DIRECTTI;
  79              		.loc 1 138 3 view .LVU20
  80              		.loc 1 138 24 is_stmt 0 view .LVU21
  81 002e 0593     		str	r3, [sp, #20]
 139:Core/Src/tim.c ****   sConfig.IC1Prescaler = TIM_ICPSC_DIV1;
  82              		.loc 1 139 3 is_stmt 1 view .LVU22
 140:Core/Src/tim.c ****   sConfig.IC1Filter = 0;
  83              		.loc 1 140 3 view .LVU23
 141:Core/Src/tim.c ****   sConfig.IC2Polarity = TIM_ICPOLARITY_RISING;
  84              		.loc 1 141 3 view .LVU24
 142:Core/Src/tim.c ****   sConfig.IC2Selection = TIM_ICSELECTION_DIRECTTI;
  85              		.loc 1 142 3 view .LVU25
  86              		.loc 1 142 24 is_stmt 0 view .LVU26
  87 0030 0993     		str	r3, [sp, #36]
ARM GAS  C:\Users\Simon\AppData\Local\Temp\ccJZXgkn.s 			page 5


 143:Core/Src/tim.c ****   sConfig.IC2Prescaler = TIM_ICPSC_DIV1;
  88              		.loc 1 143 3 is_stmt 1 view .LVU27
 144:Core/Src/tim.c ****   sConfig.IC2Filter = 0;
  89              		.loc 1 144 3 view .LVU28
 145:Core/Src/tim.c ****   if (HAL_TIM_Encoder_Init(&htim5, &sConfig) != HAL_OK)
  90              		.loc 1 145 3 view .LVU29
  91              		.loc 1 145 7 is_stmt 0 view .LVU30
  92 0032 03A9     		add	r1, sp, #12
  93 0034 FFF7FEFF 		bl	HAL_TIM_Encoder_Init
  94              	.LVL1:
  95              		.loc 1 145 6 discriminator 1 view .LVU31
  96 0038 50B9     		cbnz	r0, .L5
  97              	.L2:
 146:Core/Src/tim.c ****   {
 147:Core/Src/tim.c ****     Error_Handler();
 148:Core/Src/tim.c ****   }
 149:Core/Src/tim.c ****   sMasterConfig.MasterOutputTrigger = TIM_TRGO_RESET;
  98              		.loc 1 149 3 is_stmt 1 view .LVU32
  99              		.loc 1 149 37 is_stmt 0 view .LVU33
 100 003a 0023     		movs	r3, #0
 101 003c 0093     		str	r3, [sp]
 150:Core/Src/tim.c ****   sMasterConfig.MasterSlaveMode = TIM_MASTERSLAVEMODE_DISABLE;
 102              		.loc 1 150 3 is_stmt 1 view .LVU34
 103              		.loc 1 150 33 is_stmt 0 view .LVU35
 104 003e 0293     		str	r3, [sp, #8]
 151:Core/Src/tim.c ****   if (HAL_TIMEx_MasterConfigSynchronization(&htim5, &sMasterConfig) != HAL_OK)
 105              		.loc 1 151 3 is_stmt 1 view .LVU36
 106              		.loc 1 151 7 is_stmt 0 view .LVU37
 107 0040 6946     		mov	r1, sp
 108 0042 0648     		ldr	r0, .L7
 109 0044 FFF7FEFF 		bl	HAL_TIMEx_MasterConfigSynchronization
 110              	.LVL2:
 111              		.loc 1 151 6 discriminator 1 view .LVU38
 112 0048 28B9     		cbnz	r0, .L6
 113              	.L1:
 152:Core/Src/tim.c ****   {
 153:Core/Src/tim.c ****     Error_Handler();
 154:Core/Src/tim.c ****   }
 155:Core/Src/tim.c ****   /* USER CODE BEGIN TIM5_Init 2 */
 156:Core/Src/tim.c **** 
 157:Core/Src/tim.c ****   /* USER CODE END TIM5_Init 2 */
 158:Core/Src/tim.c **** 
 159:Core/Src/tim.c **** }
 114              		.loc 1 159 1 view .LVU39
 115 004a 0DB0     		add	sp, sp, #52
 116              	.LCFI2:
 117              		.cfi_remember_state
 118              		.cfi_def_cfa_offset 4
 119              		@ sp needed
 120 004c 5DF804FB 		ldr	pc, [sp], #4
 121              	.L5:
 122              	.LCFI3:
 123              		.cfi_restore_state
 147:Core/Src/tim.c ****   }
 124              		.loc 1 147 5 is_stmt 1 view .LVU40
 125 0050 FFF7FEFF 		bl	Error_Handler
 126              	.LVL3:
ARM GAS  C:\Users\Simon\AppData\Local\Temp\ccJZXgkn.s 			page 6


 127 0054 F1E7     		b	.L2
 128              	.L6:
 153:Core/Src/tim.c ****   }
 129              		.loc 1 153 5 view .LVU41
 130 0056 FFF7FEFF 		bl	Error_Handler
 131              	.LVL4:
 132              		.loc 1 159 1 is_stmt 0 view .LVU42
 133 005a F6E7     		b	.L1
 134              	.L8:
 135              		.align	2
 136              	.L7:
 137 005c 00000000 		.word	htim5
 138 0060 000C0040 		.word	1073744896
 139              		.cfi_endproc
 140              	.LFE136:
 142              		.section	.text.MX_TIM8_Init,"ax",%progbits
 143              		.align	1
 144              		.global	MX_TIM8_Init
 145              		.syntax unified
 146              		.thumb
 147              		.thumb_func
 149              	MX_TIM8_Init:
 150              	.LFB137:
 160:Core/Src/tim.c **** /* TIM8 init function */
 161:Core/Src/tim.c **** void MX_TIM8_Init(void)
 162:Core/Src/tim.c **** {
 151              		.loc 1 162 1 is_stmt 1 view -0
 152              		.cfi_startproc
 153              		@ args = 0, pretend = 0, frame = 32
 154              		@ frame_needed = 0, uses_anonymous_args = 0
 155 0000 00B5     		push	{lr}
 156              	.LCFI4:
 157              		.cfi_def_cfa_offset 4
 158              		.cfi_offset 14, -4
 159 0002 89B0     		sub	sp, sp, #36
 160              	.LCFI5:
 161              		.cfi_def_cfa_offset 40
 163:Core/Src/tim.c **** 
 164:Core/Src/tim.c ****   /* USER CODE BEGIN TIM8_Init 0 */
 165:Core/Src/tim.c **** 
 166:Core/Src/tim.c ****   /* USER CODE END TIM8_Init 0 */
 167:Core/Src/tim.c **** 
 168:Core/Src/tim.c ****   TIM_HallSensor_InitTypeDef sConfig = {0};
 162              		.loc 1 168 3 view .LVU44
 163              		.loc 1 168 30 is_stmt 0 view .LVU45
 164 0004 0023     		movs	r3, #0
 165 0006 0493     		str	r3, [sp, #16]
 166 0008 0593     		str	r3, [sp, #20]
 167 000a 0693     		str	r3, [sp, #24]
 168 000c 0793     		str	r3, [sp, #28]
 169:Core/Src/tim.c ****   TIM_MasterConfigTypeDef sMasterConfig = {0};
 169              		.loc 1 169 3 is_stmt 1 view .LVU46
 170              		.loc 1 169 27 is_stmt 0 view .LVU47
 171 000e 0193     		str	r3, [sp, #4]
 172 0010 0293     		str	r3, [sp, #8]
 173 0012 0393     		str	r3, [sp, #12]
 170:Core/Src/tim.c **** 
ARM GAS  C:\Users\Simon\AppData\Local\Temp\ccJZXgkn.s 			page 7


 171:Core/Src/tim.c ****   /* USER CODE BEGIN TIM8_Init 1 */
 172:Core/Src/tim.c **** 
 173:Core/Src/tim.c ****   /* USER CODE END TIM8_Init 1 */
 174:Core/Src/tim.c ****   htim8.Instance = TIM8;
 174              		.loc 1 174 3 is_stmt 1 view .LVU48
 175              		.loc 1 174 18 is_stmt 0 view .LVU49
 176 0014 1048     		ldr	r0, .L15
 177 0016 114A     		ldr	r2, .L15+4
 178 0018 0260     		str	r2, [r0]
 175:Core/Src/tim.c ****   htim8.Init.Prescaler = 0;
 179              		.loc 1 175 3 is_stmt 1 view .LVU50
 180              		.loc 1 175 24 is_stmt 0 view .LVU51
 181 001a 4360     		str	r3, [r0, #4]
 176:Core/Src/tim.c ****   htim8.Init.CounterMode = TIM_COUNTERMODE_UP;
 182              		.loc 1 176 3 is_stmt 1 view .LVU52
 183              		.loc 1 176 26 is_stmt 0 view .LVU53
 184 001c 8360     		str	r3, [r0, #8]
 177:Core/Src/tim.c ****   htim8.Init.Period = 65535;
 185              		.loc 1 177 3 is_stmt 1 view .LVU54
 186              		.loc 1 177 21 is_stmt 0 view .LVU55
 187 001e 4FF6FF72 		movw	r2, #65535
 188 0022 C260     		str	r2, [r0, #12]
 178:Core/Src/tim.c ****   htim8.Init.ClockDivision = TIM_CLOCKDIVISION_DIV1;
 189              		.loc 1 178 3 is_stmt 1 view .LVU56
 190              		.loc 1 178 28 is_stmt 0 view .LVU57
 191 0024 0361     		str	r3, [r0, #16]
 179:Core/Src/tim.c ****   htim8.Init.RepetitionCounter = 0;
 192              		.loc 1 179 3 is_stmt 1 view .LVU58
 193              		.loc 1 179 32 is_stmt 0 view .LVU59
 194 0026 4361     		str	r3, [r0, #20]
 180:Core/Src/tim.c ****   htim8.Init.AutoReloadPreload = TIM_AUTORELOAD_PRELOAD_DISABLE;
 195              		.loc 1 180 3 is_stmt 1 view .LVU60
 196              		.loc 1 180 32 is_stmt 0 view .LVU61
 197 0028 8361     		str	r3, [r0, #24]
 181:Core/Src/tim.c ****   sConfig.IC1Polarity = TIM_ICPOLARITY_RISING;
 198              		.loc 1 181 3 is_stmt 1 view .LVU62
 182:Core/Src/tim.c ****   sConfig.IC1Prescaler = TIM_ICPSC_DIV1;
 199              		.loc 1 182 3 view .LVU63
 183:Core/Src/tim.c ****   sConfig.IC1Filter = 0;
 200              		.loc 1 183 3 view .LVU64
 184:Core/Src/tim.c ****   sConfig.Commutation_Delay = 0;
 201              		.loc 1 184 3 view .LVU65
 185:Core/Src/tim.c ****   if (HAL_TIMEx_HallSensor_Init(&htim8, &sConfig) != HAL_OK)
 202              		.loc 1 185 3 view .LVU66
 203              		.loc 1 185 7 is_stmt 0 view .LVU67
 204 002a 04A9     		add	r1, sp, #16
 205 002c FFF7FEFF 		bl	HAL_TIMEx_HallSensor_Init
 206              	.LVL5:
 207              		.loc 1 185 6 discriminator 1 view .LVU68
 208 0030 60B9     		cbnz	r0, .L13
 209              	.L10:
 186:Core/Src/tim.c ****   {
 187:Core/Src/tim.c ****     Error_Handler();
 188:Core/Src/tim.c ****   }
 189:Core/Src/tim.c ****   sMasterConfig.MasterOutputTrigger = TIM_TRGO_OC2REF;
 210              		.loc 1 189 3 is_stmt 1 view .LVU69
 211              		.loc 1 189 37 is_stmt 0 view .LVU70
ARM GAS  C:\Users\Simon\AppData\Local\Temp\ccJZXgkn.s 			page 8


 212 0032 5023     		movs	r3, #80
 213 0034 0193     		str	r3, [sp, #4]
 190:Core/Src/tim.c ****   sMasterConfig.MasterOutputTrigger2 = TIM_TRGO2_RESET;
 214              		.loc 1 190 3 is_stmt 1 view .LVU71
 215              		.loc 1 190 38 is_stmt 0 view .LVU72
 216 0036 0023     		movs	r3, #0
 217 0038 0293     		str	r3, [sp, #8]
 191:Core/Src/tim.c ****   sMasterConfig.MasterSlaveMode = TIM_MASTERSLAVEMODE_DISABLE;
 218              		.loc 1 191 3 is_stmt 1 view .LVU73
 219              		.loc 1 191 33 is_stmt 0 view .LVU74
 220 003a 0393     		str	r3, [sp, #12]
 192:Core/Src/tim.c ****   if (HAL_TIMEx_MasterConfigSynchronization(&htim8, &sMasterConfig) != HAL_OK)
 221              		.loc 1 192 3 is_stmt 1 view .LVU75
 222              		.loc 1 192 7 is_stmt 0 view .LVU76
 223 003c 01A9     		add	r1, sp, #4
 224 003e 0648     		ldr	r0, .L15
 225 0040 FFF7FEFF 		bl	HAL_TIMEx_MasterConfigSynchronization
 226              	.LVL6:
 227              		.loc 1 192 6 discriminator 1 view .LVU77
 228 0044 28B9     		cbnz	r0, .L14
 229              	.L9:
 193:Core/Src/tim.c ****   {
 194:Core/Src/tim.c ****     Error_Handler();
 195:Core/Src/tim.c ****   }
 196:Core/Src/tim.c ****   /* USER CODE BEGIN TIM8_Init 2 */
 197:Core/Src/tim.c **** 
 198:Core/Src/tim.c ****   /* USER CODE END TIM8_Init 2 */
 199:Core/Src/tim.c **** 
 200:Core/Src/tim.c **** }
 230              		.loc 1 200 1 view .LVU78
 231 0046 09B0     		add	sp, sp, #36
 232              	.LCFI6:
 233              		.cfi_remember_state
 234              		.cfi_def_cfa_offset 4
 235              		@ sp needed
 236 0048 5DF804FB 		ldr	pc, [sp], #4
 237              	.L13:
 238              	.LCFI7:
 239              		.cfi_restore_state
 187:Core/Src/tim.c ****   }
 240              		.loc 1 187 5 is_stmt 1 view .LVU79
 241 004c FFF7FEFF 		bl	Error_Handler
 242              	.LVL7:
 243 0050 EFE7     		b	.L10
 244              	.L14:
 194:Core/Src/tim.c ****   }
 245              		.loc 1 194 5 view .LVU80
 246 0052 FFF7FEFF 		bl	Error_Handler
 247              	.LVL8:
 248              		.loc 1 200 1 is_stmt 0 view .LVU81
 249 0056 F6E7     		b	.L9
 250              	.L16:
 251              		.align	2
 252              	.L15:
 253 0058 00000000 		.word	htim8
 254 005c 00340140 		.word	1073820672
 255              		.cfi_endproc
ARM GAS  C:\Users\Simon\AppData\Local\Temp\ccJZXgkn.s 			page 9


 256              	.LFE137:
 258              		.section	.text.HAL_TIM_Base_MspInit,"ax",%progbits
 259              		.align	1
 260              		.global	HAL_TIM_Base_MspInit
 261              		.syntax unified
 262              		.thumb
 263              		.thumb_func
 265              	HAL_TIM_Base_MspInit:
 266              	.LVL9:
 267              	.LFB138:
 201:Core/Src/tim.c **** 
 202:Core/Src/tim.c **** void HAL_TIM_Base_MspInit(TIM_HandleTypeDef* tim_baseHandle)
 203:Core/Src/tim.c **** {
 268              		.loc 1 203 1 is_stmt 1 view -0
 269              		.cfi_startproc
 270              		@ args = 0, pretend = 0, frame = 8
 271              		@ frame_needed = 0, uses_anonymous_args = 0
 272              		@ link register save eliminated.
 204:Core/Src/tim.c **** 
 205:Core/Src/tim.c ****   if(tim_baseHandle->Instance==TIM1)
 273              		.loc 1 205 3 view .LVU83
 274              		.loc 1 205 20 is_stmt 0 view .LVU84
 275 0000 0268     		ldr	r2, [r0]
 276              		.loc 1 205 5 view .LVU85
 277 0002 094B     		ldr	r3, .L24
 278 0004 9A42     		cmp	r2, r3
 279 0006 00D0     		beq	.L23
 280 0008 7047     		bx	lr
 281              	.L23:
 203:Core/Src/tim.c **** 
 282              		.loc 1 203 1 view .LVU86
 283 000a 82B0     		sub	sp, sp, #8
 284              	.LCFI8:
 285              		.cfi_def_cfa_offset 8
 206:Core/Src/tim.c ****   {
 207:Core/Src/tim.c ****   /* USER CODE BEGIN TIM1_MspInit 0 */
 208:Core/Src/tim.c **** 
 209:Core/Src/tim.c ****   /* USER CODE END TIM1_MspInit 0 */
 210:Core/Src/tim.c ****     /* TIM1 clock enable */
 211:Core/Src/tim.c ****     __HAL_RCC_TIM1_CLK_ENABLE();
 286              		.loc 1 211 5 is_stmt 1 view .LVU87
 287              	.LBB2:
 288              		.loc 1 211 5 view .LVU88
 289              		.loc 1 211 5 view .LVU89
 290 000c 03F56443 		add	r3, r3, #58368
 291 0010 1A6E     		ldr	r2, [r3, #96]
 292 0012 42F40062 		orr	r2, r2, #2048
 293 0016 1A66     		str	r2, [r3, #96]
 294              		.loc 1 211 5 view .LVU90
 295 0018 1B6E     		ldr	r3, [r3, #96]
 296 001a 03F40063 		and	r3, r3, #2048
 297 001e 0193     		str	r3, [sp, #4]
 298              		.loc 1 211 5 view .LVU91
 299 0020 019B     		ldr	r3, [sp, #4]
 300              	.LBE2:
 301              		.loc 1 211 5 discriminator 1 view .LVU92
 212:Core/Src/tim.c ****   /* USER CODE BEGIN TIM1_MspInit 1 */
ARM GAS  C:\Users\Simon\AppData\Local\Temp\ccJZXgkn.s 			page 10


 213:Core/Src/tim.c **** 
 214:Core/Src/tim.c ****   /* USER CODE END TIM1_MspInit 1 */
 215:Core/Src/tim.c ****   }
 216:Core/Src/tim.c **** }
 302              		.loc 1 216 1 is_stmt 0 view .LVU93
 303 0022 02B0     		add	sp, sp, #8
 304              	.LCFI9:
 305              		.cfi_def_cfa_offset 0
 306              		@ sp needed
 307 0024 7047     		bx	lr
 308              	.L25:
 309 0026 00BF     		.align	2
 310              	.L24:
 311 0028 002C0140 		.word	1073818624
 312              		.cfi_endproc
 313              	.LFE138:
 315              		.section	.text.HAL_TIM_Encoder_MspInit,"ax",%progbits
 316              		.align	1
 317              		.global	HAL_TIM_Encoder_MspInit
 318              		.syntax unified
 319              		.thumb
 320              		.thumb_func
 322              	HAL_TIM_Encoder_MspInit:
 323              	.LVL10:
 324              	.LFB139:
 217:Core/Src/tim.c **** 
 218:Core/Src/tim.c **** void HAL_TIM_Encoder_MspInit(TIM_HandleTypeDef* tim_encoderHandle)
 219:Core/Src/tim.c **** {
 325              		.loc 1 219 1 is_stmt 1 view -0
 326              		.cfi_startproc
 327              		@ args = 0, pretend = 0, frame = 32
 328              		@ frame_needed = 0, uses_anonymous_args = 0
 329              		.loc 1 219 1 is_stmt 0 view .LVU95
 330 0000 00B5     		push	{lr}
 331              	.LCFI10:
 332              		.cfi_def_cfa_offset 4
 333              		.cfi_offset 14, -4
 334 0002 89B0     		sub	sp, sp, #36
 335              	.LCFI11:
 336              		.cfi_def_cfa_offset 40
 220:Core/Src/tim.c **** 
 221:Core/Src/tim.c ****   GPIO_InitTypeDef GPIO_InitStruct = {0};
 337              		.loc 1 221 3 is_stmt 1 view .LVU96
 338              		.loc 1 221 20 is_stmt 0 view .LVU97
 339 0004 0023     		movs	r3, #0
 340 0006 0393     		str	r3, [sp, #12]
 341 0008 0493     		str	r3, [sp, #16]
 342 000a 0593     		str	r3, [sp, #20]
 343 000c 0693     		str	r3, [sp, #24]
 344 000e 0793     		str	r3, [sp, #28]
 222:Core/Src/tim.c ****   if(tim_encoderHandle->Instance==TIM5)
 345              		.loc 1 222 3 is_stmt 1 view .LVU98
 346              		.loc 1 222 23 is_stmt 0 view .LVU99
 347 0010 0268     		ldr	r2, [r0]
 348              		.loc 1 222 5 view .LVU100
 349 0012 124B     		ldr	r3, .L30
 350 0014 9A42     		cmp	r2, r3
ARM GAS  C:\Users\Simon\AppData\Local\Temp\ccJZXgkn.s 			page 11


 351 0016 02D0     		beq	.L29
 352              	.LVL11:
 353              	.L26:
 223:Core/Src/tim.c ****   {
 224:Core/Src/tim.c ****   /* USER CODE BEGIN TIM5_MspInit 0 */
 225:Core/Src/tim.c **** 
 226:Core/Src/tim.c ****   /* USER CODE END TIM5_MspInit 0 */
 227:Core/Src/tim.c ****     /* TIM5 clock enable */
 228:Core/Src/tim.c ****     __HAL_RCC_TIM5_CLK_ENABLE();
 229:Core/Src/tim.c **** 
 230:Core/Src/tim.c ****     __HAL_RCC_GPIOA_CLK_ENABLE();
 231:Core/Src/tim.c ****     /**TIM5 GPIO Configuration
 232:Core/Src/tim.c ****     PA0     ------> TIM5_CH1
 233:Core/Src/tim.c ****     PA1     ------> TIM5_CH2
 234:Core/Src/tim.c ****     */
 235:Core/Src/tim.c ****     GPIO_InitStruct.Pin = GPIO_PIN_0|GPIO_PIN_1;
 236:Core/Src/tim.c ****     GPIO_InitStruct.Mode = GPIO_MODE_AF_PP;
 237:Core/Src/tim.c ****     GPIO_InitStruct.Pull = GPIO_NOPULL;
 238:Core/Src/tim.c ****     GPIO_InitStruct.Speed = GPIO_SPEED_FREQ_LOW;
 239:Core/Src/tim.c ****     GPIO_InitStruct.Alternate = GPIO_AF2_TIM5;
 240:Core/Src/tim.c ****     HAL_GPIO_Init(GPIOA, &GPIO_InitStruct);
 241:Core/Src/tim.c **** 
 242:Core/Src/tim.c ****   /* USER CODE BEGIN TIM5_MspInit 1 */
 243:Core/Src/tim.c **** 
 244:Core/Src/tim.c ****   /* USER CODE END TIM5_MspInit 1 */
 245:Core/Src/tim.c ****   }
 246:Core/Src/tim.c **** }
 354              		.loc 1 246 1 view .LVU101
 355 0018 09B0     		add	sp, sp, #36
 356              	.LCFI12:
 357              		.cfi_remember_state
 358              		.cfi_def_cfa_offset 4
 359              		@ sp needed
 360 001a 5DF804FB 		ldr	pc, [sp], #4
 361              	.LVL12:
 362              	.L29:
 363              	.LCFI13:
 364              		.cfi_restore_state
 228:Core/Src/tim.c **** 
 365              		.loc 1 228 5 is_stmt 1 view .LVU102
 366              	.LBB3:
 228:Core/Src/tim.c **** 
 367              		.loc 1 228 5 view .LVU103
 228:Core/Src/tim.c **** 
 368              		.loc 1 228 5 view .LVU104
 369 001e 03F50133 		add	r3, r3, #132096
 370 0022 9A6D     		ldr	r2, [r3, #88]
 371 0024 42F00802 		orr	r2, r2, #8
 372 0028 9A65     		str	r2, [r3, #88]
 228:Core/Src/tim.c **** 
 373              		.loc 1 228 5 view .LVU105
 374 002a 9A6D     		ldr	r2, [r3, #88]
 375 002c 02F00802 		and	r2, r2, #8
 376 0030 0192     		str	r2, [sp, #4]
 228:Core/Src/tim.c **** 
 377              		.loc 1 228 5 view .LVU106
 378 0032 019A     		ldr	r2, [sp, #4]
ARM GAS  C:\Users\Simon\AppData\Local\Temp\ccJZXgkn.s 			page 12


 379              	.LBE3:
 228:Core/Src/tim.c **** 
 380              		.loc 1 228 5 view .LVU107
 230:Core/Src/tim.c ****     /**TIM5 GPIO Configuration
 381              		.loc 1 230 5 view .LVU108
 382              	.LBB4:
 230:Core/Src/tim.c ****     /**TIM5 GPIO Configuration
 383              		.loc 1 230 5 view .LVU109
 230:Core/Src/tim.c ****     /**TIM5 GPIO Configuration
 384              		.loc 1 230 5 view .LVU110
 385 0034 DA6C     		ldr	r2, [r3, #76]
 386 0036 42F00102 		orr	r2, r2, #1
 387 003a DA64     		str	r2, [r3, #76]
 230:Core/Src/tim.c ****     /**TIM5 GPIO Configuration
 388              		.loc 1 230 5 view .LVU111
 389 003c DB6C     		ldr	r3, [r3, #76]
 390 003e 03F00103 		and	r3, r3, #1
 391 0042 0293     		str	r3, [sp, #8]
 230:Core/Src/tim.c ****     /**TIM5 GPIO Configuration
 392              		.loc 1 230 5 view .LVU112
 393 0044 029B     		ldr	r3, [sp, #8]
 394              	.LBE4:
 230:Core/Src/tim.c ****     /**TIM5 GPIO Configuration
 395              		.loc 1 230 5 view .LVU113
 235:Core/Src/tim.c ****     GPIO_InitStruct.Mode = GPIO_MODE_AF_PP;
 396              		.loc 1 235 5 view .LVU114
 235:Core/Src/tim.c ****     GPIO_InitStruct.Mode = GPIO_MODE_AF_PP;
 397              		.loc 1 235 25 is_stmt 0 view .LVU115
 398 0046 0323     		movs	r3, #3
 399 0048 0393     		str	r3, [sp, #12]
 236:Core/Src/tim.c ****     GPIO_InitStruct.Pull = GPIO_NOPULL;
 400              		.loc 1 236 5 is_stmt 1 view .LVU116
 236:Core/Src/tim.c ****     GPIO_InitStruct.Pull = GPIO_NOPULL;
 401              		.loc 1 236 26 is_stmt 0 view .LVU117
 402 004a 0223     		movs	r3, #2
 403 004c 0493     		str	r3, [sp, #16]
 237:Core/Src/tim.c ****     GPIO_InitStruct.Speed = GPIO_SPEED_FREQ_LOW;
 404              		.loc 1 237 5 is_stmt 1 view .LVU118
 238:Core/Src/tim.c ****     GPIO_InitStruct.Alternate = GPIO_AF2_TIM5;
 405              		.loc 1 238 5 view .LVU119
 239:Core/Src/tim.c ****     HAL_GPIO_Init(GPIOA, &GPIO_InitStruct);
 406              		.loc 1 239 5 view .LVU120
 239:Core/Src/tim.c ****     HAL_GPIO_Init(GPIOA, &GPIO_InitStruct);
 407              		.loc 1 239 31 is_stmt 0 view .LVU121
 408 004e 0793     		str	r3, [sp, #28]
 240:Core/Src/tim.c **** 
 409              		.loc 1 240 5 is_stmt 1 view .LVU122
 410 0050 03A9     		add	r1, sp, #12
 411 0052 4FF09040 		mov	r0, #1207959552
 412              	.LVL13:
 240:Core/Src/tim.c **** 
 413              		.loc 1 240 5 is_stmt 0 view .LVU123
 414 0056 FFF7FEFF 		bl	HAL_GPIO_Init
 415              	.LVL14:
 416              		.loc 1 246 1 view .LVU124
 417 005a DDE7     		b	.L26
 418              	.L31:
ARM GAS  C:\Users\Simon\AppData\Local\Temp\ccJZXgkn.s 			page 13


 419              		.align	2
 420              	.L30:
 421 005c 000C0040 		.word	1073744896
 422              		.cfi_endproc
 423              	.LFE139:
 425              		.section	.text.HAL_TIMEx_HallSensor_MspInit,"ax",%progbits
 426              		.align	1
 427              		.global	HAL_TIMEx_HallSensor_MspInit
 428              		.syntax unified
 429              		.thumb
 430              		.thumb_func
 432              	HAL_TIMEx_HallSensor_MspInit:
 433              	.LVL15:
 434              	.LFB140:
 247:Core/Src/tim.c **** 
 248:Core/Src/tim.c **** void HAL_TIMEx_HallSensor_MspInit(TIM_HandleTypeDef* timex_hallsensorHandle)
 249:Core/Src/tim.c **** {
 435              		.loc 1 249 1 is_stmt 1 view -0
 436              		.cfi_startproc
 437              		@ args = 0, pretend = 0, frame = 32
 438              		@ frame_needed = 0, uses_anonymous_args = 0
 439              		.loc 1 249 1 is_stmt 0 view .LVU126
 440 0000 00B5     		push	{lr}
 441              	.LCFI14:
 442              		.cfi_def_cfa_offset 4
 443              		.cfi_offset 14, -4
 444 0002 89B0     		sub	sp, sp, #36
 445              	.LCFI15:
 446              		.cfi_def_cfa_offset 40
 250:Core/Src/tim.c **** 
 251:Core/Src/tim.c ****   GPIO_InitTypeDef GPIO_InitStruct = {0};
 447              		.loc 1 251 3 is_stmt 1 view .LVU127
 448              		.loc 1 251 20 is_stmt 0 view .LVU128
 449 0004 0023     		movs	r3, #0
 450 0006 0393     		str	r3, [sp, #12]
 451 0008 0493     		str	r3, [sp, #16]
 452 000a 0593     		str	r3, [sp, #20]
 453 000c 0693     		str	r3, [sp, #24]
 454 000e 0793     		str	r3, [sp, #28]
 252:Core/Src/tim.c ****   if(timex_hallsensorHandle->Instance==TIM8)
 455              		.loc 1 252 3 is_stmt 1 view .LVU129
 456              		.loc 1 252 28 is_stmt 0 view .LVU130
 457 0010 0268     		ldr	r2, [r0]
 458              		.loc 1 252 5 view .LVU131
 459 0012 134B     		ldr	r3, .L36
 460 0014 9A42     		cmp	r2, r3
 461 0016 02D0     		beq	.L35
 462              	.LVL16:
 463              	.L32:
 253:Core/Src/tim.c ****   {
 254:Core/Src/tim.c ****   /* USER CODE BEGIN TIM8_MspInit 0 */
 255:Core/Src/tim.c **** 
 256:Core/Src/tim.c ****   /* USER CODE END TIM8_MspInit 0 */
 257:Core/Src/tim.c ****     /* TIM8 clock enable */
 258:Core/Src/tim.c ****     __HAL_RCC_TIM8_CLK_ENABLE();
 259:Core/Src/tim.c **** 
 260:Core/Src/tim.c ****     __HAL_RCC_GPIOC_CLK_ENABLE();
ARM GAS  C:\Users\Simon\AppData\Local\Temp\ccJZXgkn.s 			page 14


 261:Core/Src/tim.c ****     /**TIM8 GPIO Configuration
 262:Core/Src/tim.c ****     PC6     ------> TIM8_CH1
 263:Core/Src/tim.c ****     PC7     ------> TIM8_CH2
 264:Core/Src/tim.c ****     PC8     ------> TIM8_CH3
 265:Core/Src/tim.c ****     */
 266:Core/Src/tim.c ****     GPIO_InitStruct.Pin = GPIO_PIN_6|GPIO_PIN_7|GPIO_PIN_8;
 267:Core/Src/tim.c ****     GPIO_InitStruct.Mode = GPIO_MODE_AF_PP;
 268:Core/Src/tim.c ****     GPIO_InitStruct.Pull = GPIO_NOPULL;
 269:Core/Src/tim.c ****     GPIO_InitStruct.Speed = GPIO_SPEED_FREQ_LOW;
 270:Core/Src/tim.c ****     GPIO_InitStruct.Alternate = GPIO_AF4_TIM8;
 271:Core/Src/tim.c ****     HAL_GPIO_Init(GPIOC, &GPIO_InitStruct);
 272:Core/Src/tim.c **** 
 273:Core/Src/tim.c ****   /* USER CODE BEGIN TIM8_MspInit 1 */
 274:Core/Src/tim.c **** 
 275:Core/Src/tim.c ****   /* USER CODE END TIM8_MspInit 1 */
 276:Core/Src/tim.c ****   }
 277:Core/Src/tim.c **** }
 464              		.loc 1 277 1 view .LVU132
 465 0018 09B0     		add	sp, sp, #36
 466              	.LCFI16:
 467              		.cfi_remember_state
 468              		.cfi_def_cfa_offset 4
 469              		@ sp needed
 470 001a 5DF804FB 		ldr	pc, [sp], #4
 471              	.LVL17:
 472              	.L35:
 473              	.LCFI17:
 474              		.cfi_restore_state
 258:Core/Src/tim.c **** 
 475              		.loc 1 258 5 is_stmt 1 view .LVU133
 476              	.LBB5:
 258:Core/Src/tim.c **** 
 477              		.loc 1 258 5 view .LVU134
 258:Core/Src/tim.c **** 
 478              		.loc 1 258 5 view .LVU135
 479 001e 03F55C43 		add	r3, r3, #56320
 480 0022 1A6E     		ldr	r2, [r3, #96]
 481 0024 42F40052 		orr	r2, r2, #8192
 482 0028 1A66     		str	r2, [r3, #96]
 258:Core/Src/tim.c **** 
 483              		.loc 1 258 5 view .LVU136
 484 002a 1A6E     		ldr	r2, [r3, #96]
 485 002c 02F40052 		and	r2, r2, #8192
 486 0030 0192     		str	r2, [sp, #4]
 258:Core/Src/tim.c **** 
 487              		.loc 1 258 5 view .LVU137
 488 0032 019A     		ldr	r2, [sp, #4]
 489              	.LBE5:
 258:Core/Src/tim.c **** 
 490              		.loc 1 258 5 view .LVU138
 260:Core/Src/tim.c ****     /**TIM8 GPIO Configuration
 491              		.loc 1 260 5 view .LVU139
 492              	.LBB6:
 260:Core/Src/tim.c ****     /**TIM8 GPIO Configuration
 493              		.loc 1 260 5 view .LVU140
 260:Core/Src/tim.c ****     /**TIM8 GPIO Configuration
 494              		.loc 1 260 5 view .LVU141
ARM GAS  C:\Users\Simon\AppData\Local\Temp\ccJZXgkn.s 			page 15


 495 0034 DA6C     		ldr	r2, [r3, #76]
 496 0036 42F00402 		orr	r2, r2, #4
 497 003a DA64     		str	r2, [r3, #76]
 260:Core/Src/tim.c ****     /**TIM8 GPIO Configuration
 498              		.loc 1 260 5 view .LVU142
 499 003c DB6C     		ldr	r3, [r3, #76]
 500 003e 03F00403 		and	r3, r3, #4
 501 0042 0293     		str	r3, [sp, #8]
 260:Core/Src/tim.c ****     /**TIM8 GPIO Configuration
 502              		.loc 1 260 5 view .LVU143
 503 0044 029B     		ldr	r3, [sp, #8]
 504              	.LBE6:
 260:Core/Src/tim.c ****     /**TIM8 GPIO Configuration
 505              		.loc 1 260 5 view .LVU144
 266:Core/Src/tim.c ****     GPIO_InitStruct.Mode = GPIO_MODE_AF_PP;
 506              		.loc 1 266 5 view .LVU145
 266:Core/Src/tim.c ****     GPIO_InitStruct.Mode = GPIO_MODE_AF_PP;
 507              		.loc 1 266 25 is_stmt 0 view .LVU146
 508 0046 4FF4E073 		mov	r3, #448
 509 004a 0393     		str	r3, [sp, #12]
 267:Core/Src/tim.c ****     GPIO_InitStruct.Pull = GPIO_NOPULL;
 510              		.loc 1 267 5 is_stmt 1 view .LVU147
 267:Core/Src/tim.c ****     GPIO_InitStruct.Pull = GPIO_NOPULL;
 511              		.loc 1 267 26 is_stmt 0 view .LVU148
 512 004c 0223     		movs	r3, #2
 513 004e 0493     		str	r3, [sp, #16]
 268:Core/Src/tim.c ****     GPIO_InitStruct.Speed = GPIO_SPEED_FREQ_LOW;
 514              		.loc 1 268 5 is_stmt 1 view .LVU149
 269:Core/Src/tim.c ****     GPIO_InitStruct.Alternate = GPIO_AF4_TIM8;
 515              		.loc 1 269 5 view .LVU150
 270:Core/Src/tim.c ****     HAL_GPIO_Init(GPIOC, &GPIO_InitStruct);
 516              		.loc 1 270 5 view .LVU151
 270:Core/Src/tim.c ****     HAL_GPIO_Init(GPIOC, &GPIO_InitStruct);
 517              		.loc 1 270 31 is_stmt 0 view .LVU152
 518 0050 0423     		movs	r3, #4
 519 0052 0793     		str	r3, [sp, #28]
 271:Core/Src/tim.c **** 
 520              		.loc 1 271 5 is_stmt 1 view .LVU153
 521 0054 03A9     		add	r1, sp, #12
 522 0056 0348     		ldr	r0, .L36+4
 523              	.LVL18:
 271:Core/Src/tim.c **** 
 524              		.loc 1 271 5 is_stmt 0 view .LVU154
 525 0058 FFF7FEFF 		bl	HAL_GPIO_Init
 526              	.LVL19:
 527              		.loc 1 277 1 view .LVU155
 528 005c DCE7     		b	.L32
 529              	.L37:
 530 005e 00BF     		.align	2
 531              	.L36:
 532 0060 00340140 		.word	1073820672
 533 0064 00080048 		.word	1207961600
 534              		.cfi_endproc
 535              	.LFE140:
 537              		.section	.text.HAL_TIM_MspPostInit,"ax",%progbits
 538              		.align	1
 539              		.global	HAL_TIM_MspPostInit
ARM GAS  C:\Users\Simon\AppData\Local\Temp\ccJZXgkn.s 			page 16


 540              		.syntax unified
 541              		.thumb
 542              		.thumb_func
 544              	HAL_TIM_MspPostInit:
 545              	.LVL20:
 546              	.LFB141:
 278:Core/Src/tim.c **** void HAL_TIM_MspPostInit(TIM_HandleTypeDef* timHandle)
 279:Core/Src/tim.c **** {
 547              		.loc 1 279 1 is_stmt 1 view -0
 548              		.cfi_startproc
 549              		@ args = 0, pretend = 0, frame = 32
 550              		@ frame_needed = 0, uses_anonymous_args = 0
 551              		.loc 1 279 1 is_stmt 0 view .LVU157
 552 0000 F0B5     		push	{r4, r5, r6, r7, lr}
 553              	.LCFI18:
 554              		.cfi_def_cfa_offset 20
 555              		.cfi_offset 4, -20
 556              		.cfi_offset 5, -16
 557              		.cfi_offset 6, -12
 558              		.cfi_offset 7, -8
 559              		.cfi_offset 14, -4
 560 0002 89B0     		sub	sp, sp, #36
 561              	.LCFI19:
 562              		.cfi_def_cfa_offset 56
 280:Core/Src/tim.c **** 
 281:Core/Src/tim.c ****   GPIO_InitTypeDef GPIO_InitStruct = {0};
 563              		.loc 1 281 3 is_stmt 1 view .LVU158
 564              		.loc 1 281 20 is_stmt 0 view .LVU159
 565 0004 0023     		movs	r3, #0
 566 0006 0393     		str	r3, [sp, #12]
 567 0008 0493     		str	r3, [sp, #16]
 568 000a 0593     		str	r3, [sp, #20]
 569 000c 0693     		str	r3, [sp, #24]
 570 000e 0793     		str	r3, [sp, #28]
 282:Core/Src/tim.c ****   if(timHandle->Instance==TIM1)
 571              		.loc 1 282 3 is_stmt 1 view .LVU160
 572              		.loc 1 282 15 is_stmt 0 view .LVU161
 573 0010 0268     		ldr	r2, [r0]
 574              		.loc 1 282 5 view .LVU162
 575 0012 1F4B     		ldr	r3, .L42
 576 0014 9A42     		cmp	r2, r3
 577 0016 01D0     		beq	.L41
 578              	.LVL21:
 579              	.L38:
 283:Core/Src/tim.c ****   {
 284:Core/Src/tim.c ****   /* USER CODE BEGIN TIM1_MspPostInit 0 */
 285:Core/Src/tim.c **** 
 286:Core/Src/tim.c ****   /* USER CODE END TIM1_MspPostInit 0 */
 287:Core/Src/tim.c **** 
 288:Core/Src/tim.c ****     __HAL_RCC_GPIOB_CLK_ENABLE();
 289:Core/Src/tim.c ****     __HAL_RCC_GPIOA_CLK_ENABLE();
 290:Core/Src/tim.c ****     /**TIM1 GPIO Configuration
 291:Core/Src/tim.c ****     PB13     ------> TIM1_CH1N
 292:Core/Src/tim.c ****     PB14     ------> TIM1_CH2N
 293:Core/Src/tim.c ****     PB15     ------> TIM1_CH3N
 294:Core/Src/tim.c ****     PA8     ------> TIM1_CH1
 295:Core/Src/tim.c ****     PA9     ------> TIM1_CH2
ARM GAS  C:\Users\Simon\AppData\Local\Temp\ccJZXgkn.s 			page 17


 296:Core/Src/tim.c ****     PA10     ------> TIM1_CH3
 297:Core/Src/tim.c ****     */
 298:Core/Src/tim.c ****     GPIO_InitStruct.Pin = GPIO_PIN_13|GPIO_PIN_14;
 299:Core/Src/tim.c ****     GPIO_InitStruct.Mode = GPIO_MODE_AF_PP;
 300:Core/Src/tim.c ****     GPIO_InitStruct.Pull = GPIO_NOPULL;
 301:Core/Src/tim.c ****     GPIO_InitStruct.Speed = GPIO_SPEED_FREQ_LOW;
 302:Core/Src/tim.c ****     GPIO_InitStruct.Alternate = GPIO_AF6_TIM1;
 303:Core/Src/tim.c ****     HAL_GPIO_Init(GPIOB, &GPIO_InitStruct);
 304:Core/Src/tim.c **** 
 305:Core/Src/tim.c ****     GPIO_InitStruct.Pin = GPIO_PIN_15;
 306:Core/Src/tim.c ****     GPIO_InitStruct.Mode = GPIO_MODE_AF_PP;
 307:Core/Src/tim.c ****     GPIO_InitStruct.Pull = GPIO_NOPULL;
 308:Core/Src/tim.c ****     GPIO_InitStruct.Speed = GPIO_SPEED_FREQ_LOW;
 309:Core/Src/tim.c ****     GPIO_InitStruct.Alternate = GPIO_AF4_TIM1;
 310:Core/Src/tim.c ****     HAL_GPIO_Init(GPIOB, &GPIO_InitStruct);
 311:Core/Src/tim.c **** 
 312:Core/Src/tim.c ****     GPIO_InitStruct.Pin = GPIO_PIN_8|GPIO_PIN_9|GPIO_PIN_10;
 313:Core/Src/tim.c ****     GPIO_InitStruct.Mode = GPIO_MODE_AF_PP;
 314:Core/Src/tim.c ****     GPIO_InitStruct.Pull = GPIO_NOPULL;
 315:Core/Src/tim.c ****     GPIO_InitStruct.Speed = GPIO_SPEED_FREQ_LOW;
 316:Core/Src/tim.c ****     GPIO_InitStruct.Alternate = GPIO_AF6_TIM1;
 317:Core/Src/tim.c ****     HAL_GPIO_Init(GPIOA, &GPIO_InitStruct);
 318:Core/Src/tim.c **** 
 319:Core/Src/tim.c ****   /* USER CODE BEGIN TIM1_MspPostInit 1 */
 320:Core/Src/tim.c **** 
 321:Core/Src/tim.c ****   /* USER CODE END TIM1_MspPostInit 1 */
 322:Core/Src/tim.c ****   }
 323:Core/Src/tim.c **** 
 324:Core/Src/tim.c **** }
 580              		.loc 1 324 1 view .LVU163
 581 0018 09B0     		add	sp, sp, #36
 582              	.LCFI20:
 583              		.cfi_remember_state
 584              		.cfi_def_cfa_offset 20
 585              		@ sp needed
 586 001a F0BD     		pop	{r4, r5, r6, r7, pc}
 587              	.LVL22:
 588              	.L41:
 589              	.LCFI21:
 590              		.cfi_restore_state
 288:Core/Src/tim.c ****     __HAL_RCC_GPIOA_CLK_ENABLE();
 591              		.loc 1 288 5 is_stmt 1 view .LVU164
 592              	.LBB7:
 288:Core/Src/tim.c ****     __HAL_RCC_GPIOA_CLK_ENABLE();
 593              		.loc 1 288 5 view .LVU165
 288:Core/Src/tim.c ****     __HAL_RCC_GPIOA_CLK_ENABLE();
 594              		.loc 1 288 5 view .LVU166
 595 001c 03F56443 		add	r3, r3, #58368
 596 0020 DA6C     		ldr	r2, [r3, #76]
 597 0022 42F00202 		orr	r2, r2, #2
 598 0026 DA64     		str	r2, [r3, #76]
 288:Core/Src/tim.c ****     __HAL_RCC_GPIOA_CLK_ENABLE();
 599              		.loc 1 288 5 view .LVU167
 600 0028 DA6C     		ldr	r2, [r3, #76]
 601 002a 02F00202 		and	r2, r2, #2
 602 002e 0192     		str	r2, [sp, #4]
 288:Core/Src/tim.c ****     __HAL_RCC_GPIOA_CLK_ENABLE();
ARM GAS  C:\Users\Simon\AppData\Local\Temp\ccJZXgkn.s 			page 18


 603              		.loc 1 288 5 view .LVU168
 604 0030 019A     		ldr	r2, [sp, #4]
 605              	.LBE7:
 288:Core/Src/tim.c ****     __HAL_RCC_GPIOA_CLK_ENABLE();
 606              		.loc 1 288 5 view .LVU169
 289:Core/Src/tim.c ****     /**TIM1 GPIO Configuration
 607              		.loc 1 289 5 view .LVU170
 608              	.LBB8:
 289:Core/Src/tim.c ****     /**TIM1 GPIO Configuration
 609              		.loc 1 289 5 view .LVU171
 289:Core/Src/tim.c ****     /**TIM1 GPIO Configuration
 610              		.loc 1 289 5 view .LVU172
 611 0032 DA6C     		ldr	r2, [r3, #76]
 612 0034 42F00102 		orr	r2, r2, #1
 613 0038 DA64     		str	r2, [r3, #76]
 289:Core/Src/tim.c ****     /**TIM1 GPIO Configuration
 614              		.loc 1 289 5 view .LVU173
 615 003a DB6C     		ldr	r3, [r3, #76]
 616 003c 03F00103 		and	r3, r3, #1
 617 0040 0293     		str	r3, [sp, #8]
 289:Core/Src/tim.c ****     /**TIM1 GPIO Configuration
 618              		.loc 1 289 5 view .LVU174
 619 0042 029B     		ldr	r3, [sp, #8]
 620              	.LBE8:
 289:Core/Src/tim.c ****     /**TIM1 GPIO Configuration
 621              		.loc 1 289 5 view .LVU175
 298:Core/Src/tim.c ****     GPIO_InitStruct.Mode = GPIO_MODE_AF_PP;
 622              		.loc 1 298 5 view .LVU176
 298:Core/Src/tim.c ****     GPIO_InitStruct.Mode = GPIO_MODE_AF_PP;
 623              		.loc 1 298 25 is_stmt 0 view .LVU177
 624 0044 4FF4C043 		mov	r3, #24576
 625 0048 0393     		str	r3, [sp, #12]
 299:Core/Src/tim.c ****     GPIO_InitStruct.Pull = GPIO_NOPULL;
 626              		.loc 1 299 5 is_stmt 1 view .LVU178
 299:Core/Src/tim.c ****     GPIO_InitStruct.Pull = GPIO_NOPULL;
 627              		.loc 1 299 26 is_stmt 0 view .LVU179
 628 004a 0225     		movs	r5, #2
 629 004c 0495     		str	r5, [sp, #16]
 300:Core/Src/tim.c ****     GPIO_InitStruct.Speed = GPIO_SPEED_FREQ_LOW;
 630              		.loc 1 300 5 is_stmt 1 view .LVU180
 301:Core/Src/tim.c ****     GPIO_InitStruct.Alternate = GPIO_AF6_TIM1;
 631              		.loc 1 301 5 view .LVU181
 302:Core/Src/tim.c ****     HAL_GPIO_Init(GPIOB, &GPIO_InitStruct);
 632              		.loc 1 302 5 view .LVU182
 302:Core/Src/tim.c ****     HAL_GPIO_Init(GPIOB, &GPIO_InitStruct);
 633              		.loc 1 302 31 is_stmt 0 view .LVU183
 634 004e 0626     		movs	r6, #6
 635 0050 0796     		str	r6, [sp, #28]
 303:Core/Src/tim.c **** 
 636              		.loc 1 303 5 is_stmt 1 view .LVU184
 637 0052 104F     		ldr	r7, .L42+4
 638 0054 03A9     		add	r1, sp, #12
 639 0056 3846     		mov	r0, r7
 640              	.LVL23:
 303:Core/Src/tim.c **** 
 641              		.loc 1 303 5 is_stmt 0 view .LVU185
 642 0058 FFF7FEFF 		bl	HAL_GPIO_Init
ARM GAS  C:\Users\Simon\AppData\Local\Temp\ccJZXgkn.s 			page 19


 643              	.LVL24:
 305:Core/Src/tim.c ****     GPIO_InitStruct.Mode = GPIO_MODE_AF_PP;
 644              		.loc 1 305 5 is_stmt 1 view .LVU186
 305:Core/Src/tim.c ****     GPIO_InitStruct.Mode = GPIO_MODE_AF_PP;
 645              		.loc 1 305 25 is_stmt 0 view .LVU187
 646 005c 4FF40043 		mov	r3, #32768
 647 0060 0393     		str	r3, [sp, #12]
 306:Core/Src/tim.c ****     GPIO_InitStruct.Pull = GPIO_NOPULL;
 648              		.loc 1 306 5 is_stmt 1 view .LVU188
 306:Core/Src/tim.c ****     GPIO_InitStruct.Pull = GPIO_NOPULL;
 649              		.loc 1 306 26 is_stmt 0 view .LVU189
 650 0062 0495     		str	r5, [sp, #16]
 307:Core/Src/tim.c ****     GPIO_InitStruct.Speed = GPIO_SPEED_FREQ_LOW;
 651              		.loc 1 307 5 is_stmt 1 view .LVU190
 307:Core/Src/tim.c ****     GPIO_InitStruct.Speed = GPIO_SPEED_FREQ_LOW;
 652              		.loc 1 307 26 is_stmt 0 view .LVU191
 653 0064 0024     		movs	r4, #0
 654 0066 0594     		str	r4, [sp, #20]
 308:Core/Src/tim.c ****     GPIO_InitStruct.Alternate = GPIO_AF4_TIM1;
 655              		.loc 1 308 5 is_stmt 1 view .LVU192
 308:Core/Src/tim.c ****     GPIO_InitStruct.Alternate = GPIO_AF4_TIM1;
 656              		.loc 1 308 27 is_stmt 0 view .LVU193
 657 0068 0694     		str	r4, [sp, #24]
 309:Core/Src/tim.c ****     HAL_GPIO_Init(GPIOB, &GPIO_InitStruct);
 658              		.loc 1 309 5 is_stmt 1 view .LVU194
 309:Core/Src/tim.c ****     HAL_GPIO_Init(GPIOB, &GPIO_InitStruct);
 659              		.loc 1 309 31 is_stmt 0 view .LVU195
 660 006a 0423     		movs	r3, #4
 661 006c 0793     		str	r3, [sp, #28]
 310:Core/Src/tim.c **** 
 662              		.loc 1 310 5 is_stmt 1 view .LVU196
 663 006e 03A9     		add	r1, sp, #12
 664 0070 3846     		mov	r0, r7
 665 0072 FFF7FEFF 		bl	HAL_GPIO_Init
 666              	.LVL25:
 312:Core/Src/tim.c ****     GPIO_InitStruct.Mode = GPIO_MODE_AF_PP;
 667              		.loc 1 312 5 view .LVU197
 312:Core/Src/tim.c ****     GPIO_InitStruct.Mode = GPIO_MODE_AF_PP;
 668              		.loc 1 312 25 is_stmt 0 view .LVU198
 669 0076 4FF4E063 		mov	r3, #1792
 670 007a 0393     		str	r3, [sp, #12]
 313:Core/Src/tim.c ****     GPIO_InitStruct.Pull = GPIO_NOPULL;
 671              		.loc 1 313 5 is_stmt 1 view .LVU199
 313:Core/Src/tim.c ****     GPIO_InitStruct.Pull = GPIO_NOPULL;
 672              		.loc 1 313 26 is_stmt 0 view .LVU200
 673 007c 0495     		str	r5, [sp, #16]
 314:Core/Src/tim.c ****     GPIO_InitStruct.Speed = GPIO_SPEED_FREQ_LOW;
 674              		.loc 1 314 5 is_stmt 1 view .LVU201
 314:Core/Src/tim.c ****     GPIO_InitStruct.Speed = GPIO_SPEED_FREQ_LOW;
 675              		.loc 1 314 26 is_stmt 0 view .LVU202
 676 007e 0594     		str	r4, [sp, #20]
 315:Core/Src/tim.c ****     GPIO_InitStruct.Alternate = GPIO_AF6_TIM1;
 677              		.loc 1 315 5 is_stmt 1 view .LVU203
 315:Core/Src/tim.c ****     GPIO_InitStruct.Alternate = GPIO_AF6_TIM1;
 678              		.loc 1 315 27 is_stmt 0 view .LVU204
 679 0080 0694     		str	r4, [sp, #24]
 316:Core/Src/tim.c ****     HAL_GPIO_Init(GPIOA, &GPIO_InitStruct);
ARM GAS  C:\Users\Simon\AppData\Local\Temp\ccJZXgkn.s 			page 20


 680              		.loc 1 316 5 is_stmt 1 view .LVU205
 316:Core/Src/tim.c ****     HAL_GPIO_Init(GPIOA, &GPIO_InitStruct);
 681              		.loc 1 316 31 is_stmt 0 view .LVU206
 682 0082 0796     		str	r6, [sp, #28]
 317:Core/Src/tim.c **** 
 683              		.loc 1 317 5 is_stmt 1 view .LVU207
 684 0084 03A9     		add	r1, sp, #12
 685 0086 4FF09040 		mov	r0, #1207959552
 686 008a FFF7FEFF 		bl	HAL_GPIO_Init
 687              	.LVL26:
 688              		.loc 1 324 1 is_stmt 0 view .LVU208
 689 008e C3E7     		b	.L38
 690              	.L43:
 691              		.align	2
 692              	.L42:
 693 0090 002C0140 		.word	1073818624
 694 0094 00040048 		.word	1207960576
 695              		.cfi_endproc
 696              	.LFE141:
 698              		.section	.text.MX_TIM1_Init,"ax",%progbits
 699              		.align	1
 700              		.global	MX_TIM1_Init
 701              		.syntax unified
 702              		.thumb
 703              		.thumb_func
 705              	MX_TIM1_Init:
 706              	.LFB135:
  33:Core/Src/tim.c **** 
 707              		.loc 1 33 1 is_stmt 1 view -0
 708              		.cfi_startproc
 709              		@ args = 0, pretend = 0, frame = 112
 710              		@ frame_needed = 0, uses_anonymous_args = 0
 711 0000 10B5     		push	{r4, lr}
 712              	.LCFI22:
 713              		.cfi_def_cfa_offset 8
 714              		.cfi_offset 4, -8
 715              		.cfi_offset 14, -4
 716 0002 9CB0     		sub	sp, sp, #112
 717              	.LCFI23:
 718              		.cfi_def_cfa_offset 120
  39:Core/Src/tim.c ****   TIM_MasterConfigTypeDef sMasterConfig = {0};
 719              		.loc 1 39 3 view .LVU210
  39:Core/Src/tim.c ****   TIM_MasterConfigTypeDef sMasterConfig = {0};
 720              		.loc 1 39 26 is_stmt 0 view .LVU211
 721 0004 0024     		movs	r4, #0
 722 0006 1894     		str	r4, [sp, #96]
 723 0008 1994     		str	r4, [sp, #100]
 724 000a 1A94     		str	r4, [sp, #104]
 725 000c 1B94     		str	r4, [sp, #108]
  40:Core/Src/tim.c ****   TIM_OC_InitTypeDef sConfigOC = {0};
 726              		.loc 1 40 3 is_stmt 1 view .LVU212
  40:Core/Src/tim.c ****   TIM_OC_InitTypeDef sConfigOC = {0};
 727              		.loc 1 40 27 is_stmt 0 view .LVU213
 728 000e 1594     		str	r4, [sp, #84]
 729 0010 1694     		str	r4, [sp, #88]
 730 0012 1794     		str	r4, [sp, #92]
  41:Core/Src/tim.c ****   TIM_BreakDeadTimeConfigTypeDef sBreakDeadTimeConfig = {0};
ARM GAS  C:\Users\Simon\AppData\Local\Temp\ccJZXgkn.s 			page 21


 731              		.loc 1 41 3 is_stmt 1 view .LVU214
  41:Core/Src/tim.c ****   TIM_BreakDeadTimeConfigTypeDef sBreakDeadTimeConfig = {0};
 732              		.loc 1 41 22 is_stmt 0 view .LVU215
 733 0014 0E94     		str	r4, [sp, #56]
 734 0016 0F94     		str	r4, [sp, #60]
 735 0018 1094     		str	r4, [sp, #64]
 736 001a 1194     		str	r4, [sp, #68]
 737 001c 1294     		str	r4, [sp, #72]
 738 001e 1394     		str	r4, [sp, #76]
 739 0020 1494     		str	r4, [sp, #80]
  42:Core/Src/tim.c **** 
 740              		.loc 1 42 3 is_stmt 1 view .LVU216
  42:Core/Src/tim.c **** 
 741              		.loc 1 42 34 is_stmt 0 view .LVU217
 742 0022 3422     		movs	r2, #52
 743 0024 2146     		mov	r1, r4
 744 0026 01A8     		add	r0, sp, #4
 745 0028 FFF7FEFF 		bl	memset
 746              	.LVL27:
  47:Core/Src/tim.c ****   htim1.Init.Prescaler = 0;
 747              		.loc 1 47 3 is_stmt 1 view .LVU218
  47:Core/Src/tim.c ****   htim1.Init.Prescaler = 0;
 748              		.loc 1 47 18 is_stmt 0 view .LVU219
 749 002c 3B48     		ldr	r0, .L62
 750 002e 3C4B     		ldr	r3, .L62+4
 751 0030 0360     		str	r3, [r0]
  48:Core/Src/tim.c ****   htim1.Init.CounterMode = TIM_COUNTERMODE_UP;
 752              		.loc 1 48 3 is_stmt 1 view .LVU220
  48:Core/Src/tim.c ****   htim1.Init.CounterMode = TIM_COUNTERMODE_UP;
 753              		.loc 1 48 24 is_stmt 0 view .LVU221
 754 0032 4460     		str	r4, [r0, #4]
  49:Core/Src/tim.c ****   htim1.Init.Period = 65535;
 755              		.loc 1 49 3 is_stmt 1 view .LVU222
  49:Core/Src/tim.c ****   htim1.Init.Period = 65535;
 756              		.loc 1 49 26 is_stmt 0 view .LVU223
 757 0034 8460     		str	r4, [r0, #8]
  50:Core/Src/tim.c ****   htim1.Init.ClockDivision = TIM_CLOCKDIVISION_DIV1;
 758              		.loc 1 50 3 is_stmt 1 view .LVU224
  50:Core/Src/tim.c ****   htim1.Init.ClockDivision = TIM_CLOCKDIVISION_DIV1;
 759              		.loc 1 50 21 is_stmt 0 view .LVU225
 760 0036 4FF6FF73 		movw	r3, #65535
 761 003a C360     		str	r3, [r0, #12]
  51:Core/Src/tim.c ****   htim1.Init.RepetitionCounter = 0;
 762              		.loc 1 51 3 is_stmt 1 view .LVU226
  51:Core/Src/tim.c ****   htim1.Init.RepetitionCounter = 0;
 763              		.loc 1 51 28 is_stmt 0 view .LVU227
 764 003c 0461     		str	r4, [r0, #16]
  52:Core/Src/tim.c ****   htim1.Init.AutoReloadPreload = TIM_AUTORELOAD_PRELOAD_DISABLE;
 765              		.loc 1 52 3 is_stmt 1 view .LVU228
  52:Core/Src/tim.c ****   htim1.Init.AutoReloadPreload = TIM_AUTORELOAD_PRELOAD_DISABLE;
 766              		.loc 1 52 32 is_stmt 0 view .LVU229
 767 003e 4461     		str	r4, [r0, #20]
  53:Core/Src/tim.c ****   if (HAL_TIM_Base_Init(&htim1) != HAL_OK)
 768              		.loc 1 53 3 is_stmt 1 view .LVU230
  53:Core/Src/tim.c ****   if (HAL_TIM_Base_Init(&htim1) != HAL_OK)
 769              		.loc 1 53 32 is_stmt 0 view .LVU231
 770 0040 8461     		str	r4, [r0, #24]
ARM GAS  C:\Users\Simon\AppData\Local\Temp\ccJZXgkn.s 			page 22


  54:Core/Src/tim.c ****   {
 771              		.loc 1 54 3 is_stmt 1 view .LVU232
  54:Core/Src/tim.c ****   {
 772              		.loc 1 54 7 is_stmt 0 view .LVU233
 773 0042 FFF7FEFF 		bl	HAL_TIM_Base_Init
 774              	.LVL28:
  54:Core/Src/tim.c ****   {
 775              		.loc 1 54 6 discriminator 1 view .LVU234
 776 0046 0028     		cmp	r0, #0
 777 0048 4FD1     		bne	.L54
 778              	.L45:
  58:Core/Src/tim.c ****   if (HAL_TIM_ConfigClockSource(&htim1, &sClockSourceConfig) != HAL_OK)
 779              		.loc 1 58 3 is_stmt 1 view .LVU235
  58:Core/Src/tim.c ****   if (HAL_TIM_ConfigClockSource(&htim1, &sClockSourceConfig) != HAL_OK)
 780              		.loc 1 58 34 is_stmt 0 view .LVU236
 781 004a 4FF48053 		mov	r3, #4096
 782 004e 1893     		str	r3, [sp, #96]
  59:Core/Src/tim.c ****   {
 783              		.loc 1 59 3 is_stmt 1 view .LVU237
  59:Core/Src/tim.c ****   {
 784              		.loc 1 59 7 is_stmt 0 view .LVU238
 785 0050 18A9     		add	r1, sp, #96
 786 0052 3248     		ldr	r0, .L62
 787 0054 FFF7FEFF 		bl	HAL_TIM_ConfigClockSource
 788              	.LVL29:
  59:Core/Src/tim.c ****   {
 789              		.loc 1 59 6 discriminator 1 view .LVU239
 790 0058 0028     		cmp	r0, #0
 791 005a 49D1     		bne	.L55
 792              	.L46:
  63:Core/Src/tim.c ****   {
 793              		.loc 1 63 3 is_stmt 1 view .LVU240
  63:Core/Src/tim.c ****   {
 794              		.loc 1 63 7 is_stmt 0 view .LVU241
 795 005c 2F48     		ldr	r0, .L62
 796 005e FFF7FEFF 		bl	HAL_TIM_PWM_Init
 797              	.LVL30:
  63:Core/Src/tim.c ****   {
 798              		.loc 1 63 6 discriminator 1 view .LVU242
 799 0062 0028     		cmp	r0, #0
 800 0064 47D1     		bne	.L56
 801              	.L47:
  67:Core/Src/tim.c ****   sMasterConfig.MasterOutputTrigger2 = TIM_TRGO2_RESET;
 802              		.loc 1 67 3 is_stmt 1 view .LVU243
  67:Core/Src/tim.c ****   sMasterConfig.MasterOutputTrigger2 = TIM_TRGO2_RESET;
 803              		.loc 1 67 37 is_stmt 0 view .LVU244
 804 0066 0023     		movs	r3, #0
 805 0068 1593     		str	r3, [sp, #84]
  68:Core/Src/tim.c ****   sMasterConfig.MasterSlaveMode = TIM_MASTERSLAVEMODE_DISABLE;
 806              		.loc 1 68 3 is_stmt 1 view .LVU245
  68:Core/Src/tim.c ****   sMasterConfig.MasterSlaveMode = TIM_MASTERSLAVEMODE_DISABLE;
 807              		.loc 1 68 38 is_stmt 0 view .LVU246
 808 006a 1693     		str	r3, [sp, #88]
  69:Core/Src/tim.c ****   if (HAL_TIMEx_MasterConfigSynchronization(&htim1, &sMasterConfig) != HAL_OK)
 809              		.loc 1 69 3 is_stmt 1 view .LVU247
  69:Core/Src/tim.c ****   if (HAL_TIMEx_MasterConfigSynchronization(&htim1, &sMasterConfig) != HAL_OK)
 810              		.loc 1 69 33 is_stmt 0 view .LVU248
ARM GAS  C:\Users\Simon\AppData\Local\Temp\ccJZXgkn.s 			page 23


 811 006c 1793     		str	r3, [sp, #92]
  70:Core/Src/tim.c ****   {
 812              		.loc 1 70 3 is_stmt 1 view .LVU249
  70:Core/Src/tim.c ****   {
 813              		.loc 1 70 7 is_stmt 0 view .LVU250
 814 006e 15A9     		add	r1, sp, #84
 815 0070 2A48     		ldr	r0, .L62
 816 0072 FFF7FEFF 		bl	HAL_TIMEx_MasterConfigSynchronization
 817              	.LVL31:
  70:Core/Src/tim.c ****   {
 818              		.loc 1 70 6 discriminator 1 view .LVU251
 819 0076 0028     		cmp	r0, #0
 820 0078 40D1     		bne	.L57
 821              	.L48:
  74:Core/Src/tim.c ****   sConfigOC.Pulse = 0;
 822              		.loc 1 74 3 is_stmt 1 view .LVU252
  74:Core/Src/tim.c ****   sConfigOC.Pulse = 0;
 823              		.loc 1 74 20 is_stmt 0 view .LVU253
 824 007a 6023     		movs	r3, #96
 825 007c 0E93     		str	r3, [sp, #56]
  75:Core/Src/tim.c ****   sConfigOC.OCPolarity = TIM_OCPOLARITY_HIGH;
 826              		.loc 1 75 3 is_stmt 1 view .LVU254
  75:Core/Src/tim.c ****   sConfigOC.OCPolarity = TIM_OCPOLARITY_HIGH;
 827              		.loc 1 75 19 is_stmt 0 view .LVU255
 828 007e 0022     		movs	r2, #0
 829 0080 0F92     		str	r2, [sp, #60]
  76:Core/Src/tim.c ****   sConfigOC.OCNPolarity = TIM_OCNPOLARITY_HIGH;
 830              		.loc 1 76 3 is_stmt 1 view .LVU256
  76:Core/Src/tim.c ****   sConfigOC.OCNPolarity = TIM_OCNPOLARITY_HIGH;
 831              		.loc 1 76 24 is_stmt 0 view .LVU257
 832 0082 1092     		str	r2, [sp, #64]
  77:Core/Src/tim.c ****   sConfigOC.OCFastMode = TIM_OCFAST_DISABLE;
 833              		.loc 1 77 3 is_stmt 1 view .LVU258
  77:Core/Src/tim.c ****   sConfigOC.OCFastMode = TIM_OCFAST_DISABLE;
 834              		.loc 1 77 25 is_stmt 0 view .LVU259
 835 0084 1192     		str	r2, [sp, #68]
  78:Core/Src/tim.c ****   sConfigOC.OCIdleState = TIM_OCIDLESTATE_RESET;
 836              		.loc 1 78 3 is_stmt 1 view .LVU260
  78:Core/Src/tim.c ****   sConfigOC.OCIdleState = TIM_OCIDLESTATE_RESET;
 837              		.loc 1 78 24 is_stmt 0 view .LVU261
 838 0086 1292     		str	r2, [sp, #72]
  79:Core/Src/tim.c ****   sConfigOC.OCNIdleState = TIM_OCNIDLESTATE_RESET;
 839              		.loc 1 79 3 is_stmt 1 view .LVU262
  79:Core/Src/tim.c ****   sConfigOC.OCNIdleState = TIM_OCNIDLESTATE_RESET;
 840              		.loc 1 79 25 is_stmt 0 view .LVU263
 841 0088 1392     		str	r2, [sp, #76]
  80:Core/Src/tim.c ****   if (HAL_TIM_PWM_ConfigChannel(&htim1, &sConfigOC, TIM_CHANNEL_1) != HAL_OK)
 842              		.loc 1 80 3 is_stmt 1 view .LVU264
  80:Core/Src/tim.c ****   if (HAL_TIM_PWM_ConfigChannel(&htim1, &sConfigOC, TIM_CHANNEL_1) != HAL_OK)
 843              		.loc 1 80 26 is_stmt 0 view .LVU265
 844 008a 1492     		str	r2, [sp, #80]
  81:Core/Src/tim.c ****   {
 845              		.loc 1 81 3 is_stmt 1 view .LVU266
  81:Core/Src/tim.c ****   {
 846              		.loc 1 81 7 is_stmt 0 view .LVU267
 847 008c 0EA9     		add	r1, sp, #56
 848 008e 2348     		ldr	r0, .L62
ARM GAS  C:\Users\Simon\AppData\Local\Temp\ccJZXgkn.s 			page 24


 849 0090 FFF7FEFF 		bl	HAL_TIM_PWM_ConfigChannel
 850              	.LVL32:
  81:Core/Src/tim.c ****   {
 851              		.loc 1 81 6 discriminator 1 view .LVU268
 852 0094 0028     		cmp	r0, #0
 853 0096 34D1     		bne	.L58
 854              	.L49:
  85:Core/Src/tim.c ****   {
 855              		.loc 1 85 3 is_stmt 1 view .LVU269
  85:Core/Src/tim.c ****   {
 856              		.loc 1 85 7 is_stmt 0 view .LVU270
 857 0098 0422     		movs	r2, #4
 858 009a 0EA9     		add	r1, sp, #56
 859 009c 1F48     		ldr	r0, .L62
 860 009e FFF7FEFF 		bl	HAL_TIM_PWM_ConfigChannel
 861              	.LVL33:
  85:Core/Src/tim.c ****   {
 862              		.loc 1 85 6 discriminator 1 view .LVU271
 863 00a2 0028     		cmp	r0, #0
 864 00a4 30D1     		bne	.L59
 865              	.L50:
  89:Core/Src/tim.c ****   {
 866              		.loc 1 89 3 is_stmt 1 view .LVU272
  89:Core/Src/tim.c ****   {
 867              		.loc 1 89 7 is_stmt 0 view .LVU273
 868 00a6 0822     		movs	r2, #8
 869 00a8 0EA9     		add	r1, sp, #56
 870 00aa 1C48     		ldr	r0, .L62
 871 00ac FFF7FEFF 		bl	HAL_TIM_PWM_ConfigChannel
 872              	.LVL34:
  89:Core/Src/tim.c ****   {
 873              		.loc 1 89 6 discriminator 1 view .LVU274
 874 00b0 68BB     		cbnz	r0, .L60
 875              	.L51:
  93:Core/Src/tim.c ****   sBreakDeadTimeConfig.OffStateIDLEMode = TIM_OSSI_DISABLE;
 876              		.loc 1 93 3 is_stmt 1 view .LVU275
  93:Core/Src/tim.c ****   sBreakDeadTimeConfig.OffStateIDLEMode = TIM_OSSI_DISABLE;
 877              		.loc 1 93 40 is_stmt 0 view .LVU276
 878 00b2 0023     		movs	r3, #0
 879 00b4 0193     		str	r3, [sp, #4]
  94:Core/Src/tim.c ****   sBreakDeadTimeConfig.LockLevel = TIM_LOCKLEVEL_OFF;
 880              		.loc 1 94 3 is_stmt 1 view .LVU277
  94:Core/Src/tim.c ****   sBreakDeadTimeConfig.LockLevel = TIM_LOCKLEVEL_OFF;
 881              		.loc 1 94 41 is_stmt 0 view .LVU278
 882 00b6 0293     		str	r3, [sp, #8]
  95:Core/Src/tim.c ****   sBreakDeadTimeConfig.DeadTime = 0;
 883              		.loc 1 95 3 is_stmt 1 view .LVU279
  95:Core/Src/tim.c ****   sBreakDeadTimeConfig.DeadTime = 0;
 884              		.loc 1 95 34 is_stmt 0 view .LVU280
 885 00b8 0393     		str	r3, [sp, #12]
  96:Core/Src/tim.c ****   sBreakDeadTimeConfig.BreakState = TIM_BREAK_DISABLE;
 886              		.loc 1 96 3 is_stmt 1 view .LVU281
  96:Core/Src/tim.c ****   sBreakDeadTimeConfig.BreakState = TIM_BREAK_DISABLE;
 887              		.loc 1 96 33 is_stmt 0 view .LVU282
 888 00ba 0493     		str	r3, [sp, #16]
  97:Core/Src/tim.c ****   sBreakDeadTimeConfig.BreakPolarity = TIM_BREAKPOLARITY_HIGH;
 889              		.loc 1 97 3 is_stmt 1 view .LVU283
ARM GAS  C:\Users\Simon\AppData\Local\Temp\ccJZXgkn.s 			page 25


  97:Core/Src/tim.c ****   sBreakDeadTimeConfig.BreakPolarity = TIM_BREAKPOLARITY_HIGH;
 890              		.loc 1 97 35 is_stmt 0 view .LVU284
 891 00bc 0593     		str	r3, [sp, #20]
  98:Core/Src/tim.c ****   sBreakDeadTimeConfig.BreakFilter = 0;
 892              		.loc 1 98 3 is_stmt 1 view .LVU285
  98:Core/Src/tim.c ****   sBreakDeadTimeConfig.BreakFilter = 0;
 893              		.loc 1 98 38 is_stmt 0 view .LVU286
 894 00be 4FF40052 		mov	r2, #8192
 895 00c2 0692     		str	r2, [sp, #24]
  99:Core/Src/tim.c ****   sBreakDeadTimeConfig.BreakAFMode = TIM_BREAK_AFMODE_INPUT;
 896              		.loc 1 99 3 is_stmt 1 view .LVU287
  99:Core/Src/tim.c ****   sBreakDeadTimeConfig.BreakAFMode = TIM_BREAK_AFMODE_INPUT;
 897              		.loc 1 99 36 is_stmt 0 view .LVU288
 898 00c4 0793     		str	r3, [sp, #28]
 100:Core/Src/tim.c ****   sBreakDeadTimeConfig.Break2State = TIM_BREAK2_DISABLE;
 899              		.loc 1 100 3 is_stmt 1 view .LVU289
 100:Core/Src/tim.c ****   sBreakDeadTimeConfig.Break2State = TIM_BREAK2_DISABLE;
 900              		.loc 1 100 36 is_stmt 0 view .LVU290
 901 00c6 0893     		str	r3, [sp, #32]
 101:Core/Src/tim.c ****   sBreakDeadTimeConfig.Break2Polarity = TIM_BREAK2POLARITY_HIGH;
 902              		.loc 1 101 3 is_stmt 1 view .LVU291
 101:Core/Src/tim.c ****   sBreakDeadTimeConfig.Break2Polarity = TIM_BREAK2POLARITY_HIGH;
 903              		.loc 1 101 36 is_stmt 0 view .LVU292
 904 00c8 0993     		str	r3, [sp, #36]
 102:Core/Src/tim.c ****   sBreakDeadTimeConfig.Break2Filter = 0;
 905              		.loc 1 102 3 is_stmt 1 view .LVU293
 102:Core/Src/tim.c ****   sBreakDeadTimeConfig.Break2Filter = 0;
 906              		.loc 1 102 39 is_stmt 0 view .LVU294
 907 00ca 4FF00072 		mov	r2, #33554432
 908 00ce 0A92     		str	r2, [sp, #40]
 103:Core/Src/tim.c ****   sBreakDeadTimeConfig.Break2AFMode = TIM_BREAK_AFMODE_INPUT;
 909              		.loc 1 103 3 is_stmt 1 view .LVU295
 103:Core/Src/tim.c ****   sBreakDeadTimeConfig.Break2AFMode = TIM_BREAK_AFMODE_INPUT;
 910              		.loc 1 103 37 is_stmt 0 view .LVU296
 911 00d0 0B93     		str	r3, [sp, #44]
 104:Core/Src/tim.c ****   sBreakDeadTimeConfig.AutomaticOutput = TIM_AUTOMATICOUTPUT_DISABLE;
 912              		.loc 1 104 3 is_stmt 1 view .LVU297
 104:Core/Src/tim.c ****   sBreakDeadTimeConfig.AutomaticOutput = TIM_AUTOMATICOUTPUT_DISABLE;
 913              		.loc 1 104 37 is_stmt 0 view .LVU298
 914 00d2 0C93     		str	r3, [sp, #48]
 105:Core/Src/tim.c ****   if (HAL_TIMEx_ConfigBreakDeadTime(&htim1, &sBreakDeadTimeConfig) != HAL_OK)
 915              		.loc 1 105 3 is_stmt 1 view .LVU299
 105:Core/Src/tim.c ****   if (HAL_TIMEx_ConfigBreakDeadTime(&htim1, &sBreakDeadTimeConfig) != HAL_OK)
 916              		.loc 1 105 40 is_stmt 0 view .LVU300
 917 00d4 0D93     		str	r3, [sp, #52]
 106:Core/Src/tim.c ****   {
 918              		.loc 1 106 3 is_stmt 1 view .LVU301
 106:Core/Src/tim.c ****   {
 919              		.loc 1 106 7 is_stmt 0 view .LVU302
 920 00d6 01A9     		add	r1, sp, #4
 921 00d8 1048     		ldr	r0, .L62
 922 00da FFF7FEFF 		bl	HAL_TIMEx_ConfigBreakDeadTime
 923              	.LVL35:
 106:Core/Src/tim.c ****   {
 924              		.loc 1 106 6 discriminator 1 view .LVU303
 925 00de C8B9     		cbnz	r0, .L61
 926              	.L52:
ARM GAS  C:\Users\Simon\AppData\Local\Temp\ccJZXgkn.s 			page 26


 113:Core/Src/tim.c **** 
 927              		.loc 1 113 3 is_stmt 1 view .LVU304
 928 00e0 0E48     		ldr	r0, .L62
 929 00e2 FFF7FEFF 		bl	HAL_TIM_MspPostInit
 930              	.LVL36:
 115:Core/Src/tim.c **** /* TIM5 init function */
 931              		.loc 1 115 1 is_stmt 0 view .LVU305
 932 00e6 1CB0     		add	sp, sp, #112
 933              	.LCFI24:
 934              		.cfi_remember_state
 935              		.cfi_def_cfa_offset 8
 936              		@ sp needed
 937 00e8 10BD     		pop	{r4, pc}
 938              	.L54:
 939              	.LCFI25:
 940              		.cfi_restore_state
  56:Core/Src/tim.c ****   }
 941              		.loc 1 56 5 is_stmt 1 view .LVU306
 942 00ea FFF7FEFF 		bl	Error_Handler
 943              	.LVL37:
 944 00ee ACE7     		b	.L45
 945              	.L55:
  61:Core/Src/tim.c ****   }
 946              		.loc 1 61 5 view .LVU307
 947 00f0 FFF7FEFF 		bl	Error_Handler
 948              	.LVL38:
 949 00f4 B2E7     		b	.L46
 950              	.L56:
  65:Core/Src/tim.c ****   }
 951              		.loc 1 65 5 view .LVU308
 952 00f6 FFF7FEFF 		bl	Error_Handler
 953              	.LVL39:
 954 00fa B4E7     		b	.L47
 955              	.L57:
  72:Core/Src/tim.c ****   }
 956              		.loc 1 72 5 view .LVU309
 957 00fc FFF7FEFF 		bl	Error_Handler
 958              	.LVL40:
 959 0100 BBE7     		b	.L48
 960              	.L58:
  83:Core/Src/tim.c ****   }
 961              		.loc 1 83 5 view .LVU310
 962 0102 FFF7FEFF 		bl	Error_Handler
 963              	.LVL41:
 964 0106 C7E7     		b	.L49
 965              	.L59:
  87:Core/Src/tim.c ****   }
 966              		.loc 1 87 5 view .LVU311
 967 0108 FFF7FEFF 		bl	Error_Handler
 968              	.LVL42:
 969 010c CBE7     		b	.L50
 970              	.L60:
  91:Core/Src/tim.c ****   }
 971              		.loc 1 91 5 view .LVU312
 972 010e FFF7FEFF 		bl	Error_Handler
 973              	.LVL43:
 974 0112 CEE7     		b	.L51
ARM GAS  C:\Users\Simon\AppData\Local\Temp\ccJZXgkn.s 			page 27


 975              	.L61:
 108:Core/Src/tim.c ****   }
 976              		.loc 1 108 5 view .LVU313
 977 0114 FFF7FEFF 		bl	Error_Handler
 978              	.LVL44:
 979 0118 E2E7     		b	.L52
 980              	.L63:
 981 011a 00BF     		.align	2
 982              	.L62:
 983 011c 00000000 		.word	htim1
 984 0120 002C0140 		.word	1073818624
 985              		.cfi_endproc
 986              	.LFE135:
 988              		.section	.text.HAL_TIM_Base_MspDeInit,"ax",%progbits
 989              		.align	1
 990              		.global	HAL_TIM_Base_MspDeInit
 991              		.syntax unified
 992              		.thumb
 993              		.thumb_func
 995              	HAL_TIM_Base_MspDeInit:
 996              	.LVL45:
 997              	.LFB142:
 325:Core/Src/tim.c **** 
 326:Core/Src/tim.c **** void HAL_TIM_Base_MspDeInit(TIM_HandleTypeDef* tim_baseHandle)
 327:Core/Src/tim.c **** {
 998              		.loc 1 327 1 view -0
 999              		.cfi_startproc
 1000              		@ args = 0, pretend = 0, frame = 0
 1001              		@ frame_needed = 0, uses_anonymous_args = 0
 1002              		@ link register save eliminated.
 328:Core/Src/tim.c **** 
 329:Core/Src/tim.c ****   if(tim_baseHandle->Instance==TIM1)
 1003              		.loc 1 329 3 view .LVU315
 1004              		.loc 1 329 20 is_stmt 0 view .LVU316
 1005 0000 0268     		ldr	r2, [r0]
 1006              		.loc 1 329 5 view .LVU317
 1007 0002 054B     		ldr	r3, .L67
 1008 0004 9A42     		cmp	r2, r3
 1009 0006 00D0     		beq	.L66
 1010              	.L64:
 330:Core/Src/tim.c ****   {
 331:Core/Src/tim.c ****   /* USER CODE BEGIN TIM1_MspDeInit 0 */
 332:Core/Src/tim.c **** 
 333:Core/Src/tim.c ****   /* USER CODE END TIM1_MspDeInit 0 */
 334:Core/Src/tim.c ****     /* Peripheral clock disable */
 335:Core/Src/tim.c ****     __HAL_RCC_TIM1_CLK_DISABLE();
 336:Core/Src/tim.c ****   /* USER CODE BEGIN TIM1_MspDeInit 1 */
 337:Core/Src/tim.c **** 
 338:Core/Src/tim.c ****   /* USER CODE END TIM1_MspDeInit 1 */
 339:Core/Src/tim.c ****   }
 340:Core/Src/tim.c **** }
 1011              		.loc 1 340 1 view .LVU318
 1012 0008 7047     		bx	lr
 1013              	.L66:
 335:Core/Src/tim.c ****   /* USER CODE BEGIN TIM1_MspDeInit 1 */
 1014              		.loc 1 335 5 is_stmt 1 view .LVU319
 1015 000a 044A     		ldr	r2, .L67+4
ARM GAS  C:\Users\Simon\AppData\Local\Temp\ccJZXgkn.s 			page 28


 1016 000c 136E     		ldr	r3, [r2, #96]
 1017 000e 23F40063 		bic	r3, r3, #2048
 1018 0012 1366     		str	r3, [r2, #96]
 1019              		.loc 1 340 1 is_stmt 0 view .LVU320
 1020 0014 F8E7     		b	.L64
 1021              	.L68:
 1022 0016 00BF     		.align	2
 1023              	.L67:
 1024 0018 002C0140 		.word	1073818624
 1025 001c 00100240 		.word	1073876992
 1026              		.cfi_endproc
 1027              	.LFE142:
 1029              		.section	.text.HAL_TIM_Encoder_MspDeInit,"ax",%progbits
 1030              		.align	1
 1031              		.global	HAL_TIM_Encoder_MspDeInit
 1032              		.syntax unified
 1033              		.thumb
 1034              		.thumb_func
 1036              	HAL_TIM_Encoder_MspDeInit:
 1037              	.LVL46:
 1038              	.LFB143:
 341:Core/Src/tim.c **** 
 342:Core/Src/tim.c **** void HAL_TIM_Encoder_MspDeInit(TIM_HandleTypeDef* tim_encoderHandle)
 343:Core/Src/tim.c **** {
 1039              		.loc 1 343 1 is_stmt 1 view -0
 1040              		.cfi_startproc
 1041              		@ args = 0, pretend = 0, frame = 0
 1042              		@ frame_needed = 0, uses_anonymous_args = 0
 1043              		.loc 1 343 1 is_stmt 0 view .LVU322
 1044 0000 08B5     		push	{r3, lr}
 1045              	.LCFI26:
 1046              		.cfi_def_cfa_offset 8
 1047              		.cfi_offset 3, -8
 1048              		.cfi_offset 14, -4
 344:Core/Src/tim.c **** 
 345:Core/Src/tim.c ****   if(tim_encoderHandle->Instance==TIM5)
 1049              		.loc 1 345 3 is_stmt 1 view .LVU323
 1050              		.loc 1 345 23 is_stmt 0 view .LVU324
 1051 0002 0268     		ldr	r2, [r0]
 1052              		.loc 1 345 5 view .LVU325
 1053 0004 074B     		ldr	r3, .L73
 1054 0006 9A42     		cmp	r2, r3
 1055 0008 00D0     		beq	.L72
 1056              	.LVL47:
 1057              	.L69:
 346:Core/Src/tim.c ****   {
 347:Core/Src/tim.c ****   /* USER CODE BEGIN TIM5_MspDeInit 0 */
 348:Core/Src/tim.c **** 
 349:Core/Src/tim.c ****   /* USER CODE END TIM5_MspDeInit 0 */
 350:Core/Src/tim.c ****     /* Peripheral clock disable */
 351:Core/Src/tim.c ****     __HAL_RCC_TIM5_CLK_DISABLE();
 352:Core/Src/tim.c **** 
 353:Core/Src/tim.c ****     /**TIM5 GPIO Configuration
 354:Core/Src/tim.c ****     PA0     ------> TIM5_CH1
 355:Core/Src/tim.c ****     PA1     ------> TIM5_CH2
 356:Core/Src/tim.c ****     */
 357:Core/Src/tim.c ****     HAL_GPIO_DeInit(GPIOA, GPIO_PIN_0|GPIO_PIN_1);
ARM GAS  C:\Users\Simon\AppData\Local\Temp\ccJZXgkn.s 			page 29


 358:Core/Src/tim.c **** 
 359:Core/Src/tim.c ****   /* USER CODE BEGIN TIM5_MspDeInit 1 */
 360:Core/Src/tim.c **** 
 361:Core/Src/tim.c ****   /* USER CODE END TIM5_MspDeInit 1 */
 362:Core/Src/tim.c ****   }
 363:Core/Src/tim.c **** }
 1058              		.loc 1 363 1 view .LVU326
 1059 000a 08BD     		pop	{r3, pc}
 1060              	.LVL48:
 1061              	.L72:
 351:Core/Src/tim.c **** 
 1062              		.loc 1 351 5 is_stmt 1 view .LVU327
 1063 000c 064A     		ldr	r2, .L73+4
 1064 000e 936D     		ldr	r3, [r2, #88]
 1065 0010 23F00803 		bic	r3, r3, #8
 1066 0014 9365     		str	r3, [r2, #88]
 357:Core/Src/tim.c **** 
 1067              		.loc 1 357 5 view .LVU328
 1068 0016 0321     		movs	r1, #3
 1069 0018 4FF09040 		mov	r0, #1207959552
 1070              	.LVL49:
 357:Core/Src/tim.c **** 
 1071              		.loc 1 357 5 is_stmt 0 view .LVU329
 1072 001c FFF7FEFF 		bl	HAL_GPIO_DeInit
 1073              	.LVL50:
 1074              		.loc 1 363 1 view .LVU330
 1075 0020 F3E7     		b	.L69
 1076              	.L74:
 1077 0022 00BF     		.align	2
 1078              	.L73:
 1079 0024 000C0040 		.word	1073744896
 1080 0028 00100240 		.word	1073876992
 1081              		.cfi_endproc
 1082              	.LFE143:
 1084              		.section	.text.HAL_TIMEx_HallSensor_MspDeInit,"ax",%progbits
 1085              		.align	1
 1086              		.global	HAL_TIMEx_HallSensor_MspDeInit
 1087              		.syntax unified
 1088              		.thumb
 1089              		.thumb_func
 1091              	HAL_TIMEx_HallSensor_MspDeInit:
 1092              	.LVL51:
 1093              	.LFB144:
 364:Core/Src/tim.c **** 
 365:Core/Src/tim.c **** void HAL_TIMEx_HallSensor_MspDeInit(TIM_HandleTypeDef* timex_hallsensorHandle)
 366:Core/Src/tim.c **** {
 1094              		.loc 1 366 1 is_stmt 1 view -0
 1095              		.cfi_startproc
 1096              		@ args = 0, pretend = 0, frame = 0
 1097              		@ frame_needed = 0, uses_anonymous_args = 0
 1098              		.loc 1 366 1 is_stmt 0 view .LVU332
 1099 0000 08B5     		push	{r3, lr}
 1100              	.LCFI27:
 1101              		.cfi_def_cfa_offset 8
 1102              		.cfi_offset 3, -8
 1103              		.cfi_offset 14, -4
 367:Core/Src/tim.c **** 
ARM GAS  C:\Users\Simon\AppData\Local\Temp\ccJZXgkn.s 			page 30


 368:Core/Src/tim.c ****   if(timex_hallsensorHandle->Instance==TIM8)
 1104              		.loc 1 368 3 is_stmt 1 view .LVU333
 1105              		.loc 1 368 28 is_stmt 0 view .LVU334
 1106 0002 0268     		ldr	r2, [r0]
 1107              		.loc 1 368 5 view .LVU335
 1108 0004 074B     		ldr	r3, .L79
 1109 0006 9A42     		cmp	r2, r3
 1110 0008 00D0     		beq	.L78
 1111              	.LVL52:
 1112              	.L75:
 369:Core/Src/tim.c ****   {
 370:Core/Src/tim.c ****   /* USER CODE BEGIN TIM8_MspDeInit 0 */
 371:Core/Src/tim.c **** 
 372:Core/Src/tim.c ****   /* USER CODE END TIM8_MspDeInit 0 */
 373:Core/Src/tim.c ****     /* Peripheral clock disable */
 374:Core/Src/tim.c ****     __HAL_RCC_TIM8_CLK_DISABLE();
 375:Core/Src/tim.c **** 
 376:Core/Src/tim.c ****     /**TIM8 GPIO Configuration
 377:Core/Src/tim.c ****     PC6     ------> TIM8_CH1
 378:Core/Src/tim.c ****     PC7     ------> TIM8_CH2
 379:Core/Src/tim.c ****     PC8     ------> TIM8_CH3
 380:Core/Src/tim.c ****     */
 381:Core/Src/tim.c ****     HAL_GPIO_DeInit(GPIOC, GPIO_PIN_6|GPIO_PIN_7|GPIO_PIN_8);
 382:Core/Src/tim.c **** 
 383:Core/Src/tim.c ****   /* USER CODE BEGIN TIM8_MspDeInit 1 */
 384:Core/Src/tim.c **** 
 385:Core/Src/tim.c ****   /* USER CODE END TIM8_MspDeInit 1 */
 386:Core/Src/tim.c ****   }
 387:Core/Src/tim.c **** }
 1113              		.loc 1 387 1 view .LVU336
 1114 000a 08BD     		pop	{r3, pc}
 1115              	.LVL53:
 1116              	.L78:
 374:Core/Src/tim.c **** 
 1117              		.loc 1 374 5 is_stmt 1 view .LVU337
 1118 000c 064A     		ldr	r2, .L79+4
 1119 000e 136E     		ldr	r3, [r2, #96]
 1120 0010 23F40053 		bic	r3, r3, #8192
 1121 0014 1366     		str	r3, [r2, #96]
 381:Core/Src/tim.c **** 
 1122              		.loc 1 381 5 view .LVU338
 1123 0016 4FF4E071 		mov	r1, #448
 1124 001a 0448     		ldr	r0, .L79+8
 1125              	.LVL54:
 381:Core/Src/tim.c **** 
 1126              		.loc 1 381 5 is_stmt 0 view .LVU339
 1127 001c FFF7FEFF 		bl	HAL_GPIO_DeInit
 1128              	.LVL55:
 1129              		.loc 1 387 1 view .LVU340
 1130 0020 F3E7     		b	.L75
 1131              	.L80:
 1132 0022 00BF     		.align	2
 1133              	.L79:
 1134 0024 00340140 		.word	1073820672
 1135 0028 00100240 		.word	1073876992
 1136 002c 00080048 		.word	1207961600
 1137              		.cfi_endproc
ARM GAS  C:\Users\Simon\AppData\Local\Temp\ccJZXgkn.s 			page 31


 1138              	.LFE144:
 1140              		.global	htim8
 1141              		.section	.bss.htim8,"aw",%nobits
 1142              		.align	2
 1145              	htim8:
 1146 0000 00000000 		.space	76
 1146      00000000 
 1146      00000000 
 1146      00000000 
 1146      00000000 
 1147              		.global	htim5
 1148              		.section	.bss.htim5,"aw",%nobits
 1149              		.align	2
 1152              	htim5:
 1153 0000 00000000 		.space	76
 1153      00000000 
 1153      00000000 
 1153      00000000 
 1153      00000000 
 1154              		.global	htim1
 1155              		.section	.bss.htim1,"aw",%nobits
 1156              		.align	2
 1159              	htim1:
 1160 0000 00000000 		.space	76
 1160      00000000 
 1160      00000000 
 1160      00000000 
 1160      00000000 
 1161              		.text
 1162              	.Letext0:
 1163              		.file 2 "C:\\ST\\STM32CubeCLT_1.20.0\\GNU-tools-for-STM32\\bin\\../lib/gcc/arm-none-eabi/13.3.1/..
 1164              		.file 3 "C:\\ST\\STM32CubeCLT_1.20.0\\GNU-tools-for-STM32\\bin\\../lib/gcc/arm-none-eabi/13.3.1/..
 1165              		.file 4 "Drivers/CMSIS/Device/ST/STM32G4xx/Include/stm32g474xx.h"
 1166              		.file 5 "Drivers/STM32G4xx_HAL_Driver/Inc/stm32g4xx_hal_def.h"
 1167              		.file 6 "Drivers/STM32G4xx_HAL_Driver/Inc/stm32g4xx_hal_gpio.h"
 1168              		.file 7 "Drivers/STM32G4xx_HAL_Driver/Inc/stm32g4xx_hal_dma.h"
 1169              		.file 8 "Drivers/STM32G4xx_HAL_Driver/Inc/stm32g4xx_hal_tim.h"
 1170              		.file 9 "Drivers/STM32G4xx_HAL_Driver/Inc/stm32g4xx_hal_tim_ex.h"
 1171              		.file 10 "Core/Inc/tim.h"
 1172              		.file 11 "Core/Inc/main.h"
 1173              		.file 12 "<built-in>"
ARM GAS  C:\Users\Simon\AppData\Local\Temp\ccJZXgkn.s 			page 32


DEFINED SYMBOLS
                            *ABS*:00000000 tim.c
C:\Users\Simon\AppData\Local\Temp\ccJZXgkn.s:21     .text.MX_TIM5_Init:00000000 $t
C:\Users\Simon\AppData\Local\Temp\ccJZXgkn.s:27     .text.MX_TIM5_Init:00000000 MX_TIM5_Init
C:\Users\Simon\AppData\Local\Temp\ccJZXgkn.s:137    .text.MX_TIM5_Init:0000005c $d
C:\Users\Simon\AppData\Local\Temp\ccJZXgkn.s:1152   .bss.htim5:00000000 htim5
C:\Users\Simon\AppData\Local\Temp\ccJZXgkn.s:143    .text.MX_TIM8_Init:00000000 $t
C:\Users\Simon\AppData\Local\Temp\ccJZXgkn.s:149    .text.MX_TIM8_Init:00000000 MX_TIM8_Init
C:\Users\Simon\AppData\Local\Temp\ccJZXgkn.s:253    .text.MX_TIM8_Init:00000058 $d
C:\Users\Simon\AppData\Local\Temp\ccJZXgkn.s:1145   .bss.htim8:00000000 htim8
C:\Users\Simon\AppData\Local\Temp\ccJZXgkn.s:259    .text.HAL_TIM_Base_MspInit:00000000 $t
C:\Users\Simon\AppData\Local\Temp\ccJZXgkn.s:265    .text.HAL_TIM_Base_MspInit:00000000 HAL_TIM_Base_MspInit
C:\Users\Simon\AppData\Local\Temp\ccJZXgkn.s:311    .text.HAL_TIM_Base_MspInit:00000028 $d
C:\Users\Simon\AppData\Local\Temp\ccJZXgkn.s:316    .text.HAL_TIM_Encoder_MspInit:00000000 $t
C:\Users\Simon\AppData\Local\Temp\ccJZXgkn.s:322    .text.HAL_TIM_Encoder_MspInit:00000000 HAL_TIM_Encoder_MspInit
C:\Users\Simon\AppData\Local\Temp\ccJZXgkn.s:421    .text.HAL_TIM_Encoder_MspInit:0000005c $d
C:\Users\Simon\AppData\Local\Temp\ccJZXgkn.s:426    .text.HAL_TIMEx_HallSensor_MspInit:00000000 $t
C:\Users\Simon\AppData\Local\Temp\ccJZXgkn.s:432    .text.HAL_TIMEx_HallSensor_MspInit:00000000 HAL_TIMEx_HallSensor_MspInit
C:\Users\Simon\AppData\Local\Temp\ccJZXgkn.s:532    .text.HAL_TIMEx_HallSensor_MspInit:00000060 $d
C:\Users\Simon\AppData\Local\Temp\ccJZXgkn.s:538    .text.HAL_TIM_MspPostInit:00000000 $t
C:\Users\Simon\AppData\Local\Temp\ccJZXgkn.s:544    .text.HAL_TIM_MspPostInit:00000000 HAL_TIM_MspPostInit
C:\Users\Simon\AppData\Local\Temp\ccJZXgkn.s:693    .text.HAL_TIM_MspPostInit:00000090 $d
C:\Users\Simon\AppData\Local\Temp\ccJZXgkn.s:699    .text.MX_TIM1_Init:00000000 $t
C:\Users\Simon\AppData\Local\Temp\ccJZXgkn.s:705    .text.MX_TIM1_Init:00000000 MX_TIM1_Init
C:\Users\Simon\AppData\Local\Temp\ccJZXgkn.s:983    .text.MX_TIM1_Init:0000011c $d
C:\Users\Simon\AppData\Local\Temp\ccJZXgkn.s:1159   .bss.htim1:00000000 htim1
C:\Users\Simon\AppData\Local\Temp\ccJZXgkn.s:989    .text.HAL_TIM_Base_MspDeInit:00000000 $t
C:\Users\Simon\AppData\Local\Temp\ccJZXgkn.s:995    .text.HAL_TIM_Base_MspDeInit:00000000 HAL_TIM_Base_MspDeInit
C:\Users\Simon\AppData\Local\Temp\ccJZXgkn.s:1024   .text.HAL_TIM_Base_MspDeInit:00000018 $d
C:\Users\Simon\AppData\Local\Temp\ccJZXgkn.s:1030   .text.HAL_TIM_Encoder_MspDeInit:00000000 $t
C:\Users\Simon\AppData\Local\Temp\ccJZXgkn.s:1036   .text.HAL_TIM_Encoder_MspDeInit:00000000 HAL_TIM_Encoder_MspDeInit
C:\Users\Simon\AppData\Local\Temp\ccJZXgkn.s:1079   .text.HAL_TIM_Encoder_MspDeInit:00000024 $d
C:\Users\Simon\AppData\Local\Temp\ccJZXgkn.s:1085   .text.HAL_TIMEx_HallSensor_MspDeInit:00000000 $t
C:\Users\Simon\AppData\Local\Temp\ccJZXgkn.s:1091   .text.HAL_TIMEx_HallSensor_MspDeInit:00000000 HAL_TIMEx_HallSensor_MspDeInit
C:\Users\Simon\AppData\Local\Temp\ccJZXgkn.s:1134   .text.HAL_TIMEx_HallSensor_MspDeInit:00000024 $d
C:\Users\Simon\AppData\Local\Temp\ccJZXgkn.s:1142   .bss.htim8:00000000 $d
C:\Users\Simon\AppData\Local\Temp\ccJZXgkn.s:1149   .bss.htim5:00000000 $d
C:\Users\Simon\AppData\Local\Temp\ccJZXgkn.s:1156   .bss.htim1:00000000 $d

UNDEFINED SYMBOLS
memset
HAL_TIM_Encoder_Init
HAL_TIMEx_MasterConfigSynchronization
Error_Handler
HAL_TIMEx_HallSensor_Init
HAL_GPIO_Init
HAL_TIM_Base_Init
HAL_TIM_ConfigClockSource
HAL_TIM_PWM_Init
HAL_TIM_PWM_ConfigChannel
HAL_TIMEx_ConfigBreakDeadTime
HAL_GPIO_DeInit
